Log file open, 04/24/17 22:47:48
LogInit:Display: Running engine for game: FallOfStarlight
LogPlatformFile: Not using cached read wrapper
LogInit:Display: RandInit(871057945) SRandInit(871057945).
LogTaskGraph: Started task graph with 5 named threads and 8 total threads with 1 sets of task threads.
LogStats: Stats thread started at 0.076006
LogInit: Using libcurl 7.47.1
LogInit:  - built for x86_64-pc-win32
LogInit:  - supports SSL with OpenSSL/1.0.2g
LogInit:  - supports HTTP deflate (compression) using libz 1.2.8
LogInit:  - other features:
LogInit:      CURL_VERSION_SSL
LogInit:      CURL_VERSION_LIBZ
LogInit:      CURL_VERSION_IPV6
LogInit:      CURL_VERSION_ASYNCHDNS
LogInit:      CURL_VERSION_LARGEFILE
LogInit:      CURL_VERSION_IDN
LogInit:  CurlRequestOptions (configurable via config and command line):
LogInit:  - bVerifyPeer = false  - Libcurl will NOT verify peer certificate
LogInit:  - bUseHttpProxy = false  - Libcurl will NOT use HTTP proxy
LogInit:  - bDontReuseConnections = false  - Libcurl will reuse connections
LogInit:  - CertBundlePath = nullptr  - Libcurl will use whatever was configured at build time.
LogInit: Build: ++UE4+Release-4.15-CL-3348071
LogInit: Engine Version: 4.15.1-3348071+++UE4+Release-4.15
LogInit: Compatible Engine Version: 4.15.0-3299760+++UE4+Release-4.15
LogInit: Net CL: 3299760
LogDevObjectVersion: Number of dev versions registered: 14
LogDevObjectVersion:   Dev-Blueprints (B0D832E4-1F89-4F0D-ACCF-7EB736FD4AA2): 8
LogDevObjectVersion:   Dev-Build (E1C64328-A22C-4D53-A36C-8E866417BD8C): 0
LogDevObjectVersion:   Dev-Core (375EC13C-06E4-48FB-B500-84F0262A717E): 2
LogDevObjectVersion:   Dev-Editor (E4B068ED-F494-42E9-A231-DA0B2E46BB41): 14
LogDevObjectVersion:   Dev-Framework (CFFC743F-43B0-4480-9391-14DF171D2073): 22
LogDevObjectVersion:   Dev-Mobile (B02B49B5-BB20-44E9-A304-32B752E40360): 0
LogDevObjectVersion:   Dev-Networking (A4E4105C-59A1-49B5-A7C5-40C4547EDFEE): 0
LogDevObjectVersion:   Dev-Online (39C831C9-5AE6-47DC-9A44-9C173E1C8E7C): 0
LogDevObjectVersion:   Dev-Physics (78F01B33-EBEA-4F98-B9B4-84EACCB95AA2): 0
LogDevObjectVersion:   Dev-Platform (6631380F-2D4D-43E0-8009-CF276956A95A): 0
LogDevObjectVersion:   Dev-Rendering (12F88B9F-8875-4AFC-A67C-D90C383ABD29): 12
LogDevObjectVersion:   Dev-Sequencer (7B5AE74C-D270-4C10-A958-57980B212A5A): 3
LogDevObjectVersion:   Dev-VR (D7296918-1DD6-4BDD-9DE2-64A83CC13884): 0
LogDevObjectVersion:   Dev-LoadTimes (C2A15278-BFE7-4AFE-6C17-90FF531DF755): 1
LogInit: Compiled (64-bit): Mar 15 2017 16:52:47
LogInit: Compiled with Visual C++: 19.00.23026.00
LogInit: Build Configuration: Development
LogInit: Branch Name: ++UE4+Release-4.15
LogInit: Command line: -EpicPortal 
LogInit: Base directory: C:/Program Files/Epic Games/UE_4.15/Engine/Binaries/Win64/
LogInit: Installed Engine Build: 1
LogInit: Presizing for max 8388607 objects, including 0 objects not considered by GC, pre-allocating 0 bytes for permanent pool.
LogInit: Object subsystem initialized
[2017.04.24-20.47.49:689][  0]LogInit: Selected Device Profile: [Windows]
[2017.04.24-20.47.49:689][  0]LogInit: Applying CVar settings loaded from the selected device profile: [Windows]
[2017.04.24-20.47.49:731][  0]LogInit: Computer: DESKTOP-M5B22NK
[2017.04.24-20.47.49:731][  0]LogInit: User: JamesKeo
[2017.04.24-20.47.49:731][  0]LogInit: CPU Page size=65536, Cores=4
[2017.04.24-20.47.49:731][  0]LogInit: High frequency timer resolution =3.125011 MHz
[2017.04.24-20.47.49:731][  0]LogMemory: Memory total: Physical=7.9GB (8GB approx)
[2017.04.24-20.47.49:731][  0]LogMemory: Platform Memory Stats for Windows
[2017.04.24-20.47.49:731][  0]LogMemory: Process Physical Memory: 262.55 MB used, 262.55 MB peak
[2017.04.24-20.47.49:731][  0]LogMemory: Process Virtual Memory: 262.09 MB used, 262.09 MB peak
[2017.04.24-20.47.49:731][  0]LogMemory: Physical Memory: 6048.30 MB used,  2079.61 MB free, 8127.91 MB total
[2017.04.24-20.47.49:731][  0]LogMemory: Virtual Memory: 643.98 MB used,  2079.61 MB free, 134217728.00 MB total
[2017.04.24-20.47.49:822][  0]LogTextLocalizationManager: No translations for ('fr-FR') exist, falling back to 'en' for localization and internationalization data.
[2017.04.24-20.47.50:434][  0]LogD3D11RHI: D3D11 adapters:
[2017.04.24-20.47.50:994][  0]LogD3D11RHI:    0. 'NVIDIA GeForce GTX 1060 3GB' (Feature Level 11_0)
[2017.04.24-20.47.50:994][  0]LogD3D11RHI:       3019/0/4063 MB DedicatedVideo/DedicatedSystem/SharedSystem, Outputs:1, VendorId:0x10de
[2017.04.24-20.47.50:996][  0]LogD3D11RHI:    1. 'Microsoft Basic Render Driver' (Feature Level 11_0)
[2017.04.24-20.47.50:996][  0]LogD3D11RHI:       0/0/4063 MB DedicatedVideo/DedicatedSystem/SharedSystem, Outputs:0, VendorId:0x1414
[2017.04.24-20.47.50:996][  0]LogD3D11RHI: Chosen D3D11 Adapter: 0
[2017.04.24-20.47.51:001][  0]LogD3D11RHI: Creating new Direct3DDevice
[2017.04.24-20.47.51:001][  0]LogD3D11RHI:     GPU DeviceId: 0x1c02 (for the marketing name, search the web for "GPU Device Id")
[2017.04.24-20.47.51:001][  0]LogWindows: EnumDisplayDevices:
[2017.04.24-20.47.51:001][  0]LogWindows:    0. 'NVIDIA GeForce GTX 1060 3GB' (P:1 D:1)
[2017.04.24-20.47.51:001][  0]LogWindows:    1. 'NVIDIA GeForce GTX 1060 3GB' (P:0 D:0)
[2017.04.24-20.47.51:001][  0]LogWindows:    2. 'NVIDIA GeForce GTX 1060 3GB' (P:0 D:0)
[2017.04.24-20.47.51:001][  0]LogWindows:    3. 'NVIDIA GeForce GTX 1060 3GB' (P:0 D:0)
[2017.04.24-20.47.51:001][  0]LogWindows: DebugString: FoundDriverCount:4 
[2017.04.24-20.47.51:001][  0]LogD3D11RHI:     Adapter Name: NVIDIA GeForce GTX 1060 3GB
[2017.04.24-20.47.51:001][  0]LogD3D11RHI:   Driver Version: 381.65 (internal:22.21.13.8165, unified:381.65)
[2017.04.24-20.47.51:001][  0]LogD3D11RHI:      Driver Date: 3-31-2017
[2017.04.24-20.47.51:001][  0]LogRHI: Texture pool is 1361 MB (70% of 1945 MB)
[2017.04.24-20.47.51:536][  0]LogD3D11RHI: Async texture creation enabled
[2017.04.24-20.47.51:568][  0]LogD3D11RHI: GPU Timing Frequency: 1000.000000 (Debug: 2 1)
[2017.04.24-20.47.51:618][  0]LogShaderCompilers: Guid format shader working directory is 12 characters bigger than the processId version (D:/UnrealEngineProjects/FallOfStarlight/Intermediate/Shaders/WorkingDirectory/524/).
[2017.04.24-20.47.51:618][  0]LogShaderCompilers: Cleaned the shader compiler working directory 'C:/Users/James Keo/AppData/Local/Temp/UnrealShaderWorkingDir/46841AFC46CAA1EF1EF3C1A3F795A7E6/'.
[2017.04.24-20.47.51:618][  0]LogShaderCompilers:Display: Using Local Shader Compiler.
[2017.04.24-20.47.52:676][  0]LogTemp:Display: Loaded TP AllDesktopTargetPlatform
[2017.04.24-20.47.52:726][  0]LogTemp:Display: Loaded TP MacClientTargetPlatform
[2017.04.24-20.47.52:776][  0]LogTemp:Display: Loaded TP MacNoEditorTargetPlatform
[2017.04.24-20.47.52:826][  0]LogTemp:Display: Loaded TP MacServerTargetPlatform
[2017.04.24-20.47.52:877][  0]LogTemp:Display: Loaded TP MacTargetPlatform
[2017.04.24-20.47.52:927][  0]LogTemp:Display: Loaded TP WindowsClientTargetPlatform
[2017.04.24-20.47.52:977][  0]LogTemp:Display: Loaded TP WindowsNoEditorTargetPlatform
[2017.04.24-20.47.53:027][  0]LogTemp:Display: Loaded TP WindowsServerTargetPlatform
[2017.04.24-20.47.53:066][  0]LogTemp:Display: Loaded TP WindowsTargetPlatform
[2017.04.24-20.47.53:115][  0]LogTemp:Display: Loaded TP AndroidTargetPlatform
[2017.04.24-20.47.53:165][  0]LogTemp:Display: Loaded TP Android_ASTCTargetPlatform
[2017.04.24-20.47.53:212][  0]LogTemp:Display: Loaded TP Android_ATCTargetPlatform
[2017.04.24-20.47.53:261][  0]LogTemp:Display: Loaded TP Android_DXTTargetPlatform
[2017.04.24-20.47.53:308][  0]LogTemp:Display: Loaded TP Android_ETC1TargetPlatform
[2017.04.24-20.47.53:357][  0]LogTemp:Display: Loaded TP Android_ETC2TargetPlatform
[2017.04.24-20.47.53:453][  0]LogTemp:Display: Loaded TP Android_MultiTargetPlatform
[2017.04.24-20.47.53:453][  0]LogTemp:Display: Loaded TP Android_PVRTCTargetPlatform
[2017.04.24-20.47.53:487][  0]LogTemp:Display: Loaded TP HTML5TargetPlatform
[2017.04.24-20.47.53:574][  0]LogTemp:Display: Loaded TP IOSTargetPlatform
[2017.04.24-20.47.53:607][  0]LogTemp:Display: Loaded TP TVOSTargetPlatform
[2017.04.24-20.47.53:655][  0]LogTemp:Display: Loaded TP LinuxClientTargetPlatform
[2017.04.24-20.47.53:703][  0]LogTemp:Display: Loaded TP LinuxNoEditorTargetPlatform
[2017.04.24-20.47.53:751][  0]LogTemp:Display: Loaded TP LinuxServerTargetPlatform
[2017.04.24-20.47.53:800][  0]LogTemp:Display: Loaded TP LinuxTargetPlatform
[2017.04.24-20.47.53:800][  0]LogTargetPlatformManager:Display: Building Assets For Windows
[2017.04.24-20.47.54:185][  0]LogDerivedDataCache:Display: Max Cache Size: 512 MB
[2017.04.24-20.47.54:232][  0]LogDerivedDataCache: Loaded boot cache 0.05s 50MB C:/Users/James Keo/AppData/Local/UnrealEngine/4.15/DerivedDataCache/Boot.ddc.
[2017.04.24-20.47.54:232][  0]LogDerivedDataCache:Display: Loaded Boot cache: C:/Users/James Keo/AppData/Local/UnrealEngine/4.15/DerivedDataCache/Boot.ddc
[2017.04.24-20.47.54:232][  0]LogDerivedDataCache: FDerivedDataBackendGraph:  Pak pak cache file D:/UnrealEngineProjects/FallOfStarlight/DerivedDataCache/DDC.ddp not found, will not use a pak cache.
[2017.04.24-20.47.54:232][  0]LogDerivedDataCache: Unable to find inner node Pak for hierarchical cache Hierarchy.
[2017.04.24-20.47.54:232][  0]LogDerivedDataCache: FDerivedDataBackendGraph:  CompressedPak pak cache file D:/UnrealEngineProjects/FallOfStarlight/DerivedDataCache/Compressed.ddp not found, will not use a pak cache.
[2017.04.24-20.47.54:232][  0]LogDerivedDataCache: Unable to find inner node CompressedPak for hierarchical cache Hierarchy.
[2017.04.24-20.47.54:250][  0]LogDerivedDataCache:Display: Pak cache opened for reading ../../../Engine/DerivedDataCache/Compressed.ddp.
[2017.04.24-20.47.54:262][  0]LogDerivedDataCache: Using Local data cache path C:/Users/James Keo/AppData/Local/UnrealEngine/Common/DerivedDataCache: Writable
[2017.04.24-20.47.54:271][  0]LogSlate: Using Freetype 2.6.0
[2017.04.24-20.47.54:271][  0]LogSlate: SlateFontCache - WITH_FREETYPE: 1, WITH_HARFBUZZ: 1
[2017.04.24-20.47.54:271][  0]LogSlate: SlateFontCache - WITH_FREETYPE: 1, WITH_HARFBUZZ: 1
[2017.04.24-20.47.54:508][  0]LogInit: Selected Device Profile: [Windows]
[2017.04.24-20.47.54:510][  0]LogContentStreaming: Texture pool size is 0.00 MB
[2017.04.24-20.47.54:699][  0]LogMeshUtilities: Using QuadricMeshReduction for automatic static mesh reduction
[2017.04.24-20.47.54:736][  0]LogSimplygon: Simplygon DLL not present - disabling.
[2017.04.24-20.47.54:776][  0]LogMeshUtilities: Using SimplygonSwarm for distributed automatic mesh merging
[2017.04.24-20.47.54:776][  0]LogMeshUtilities: No automatic skeletal mesh reduction module available
[2017.04.24-20.47.54:776][  0]LogMeshUtilities: No automatic mesh merging module available
[2017.04.24-20.47.55:371][  0]LogNetVersion: GetLocalNetworkVersion: CL: 3299760, ProjectName: fallofstarlight, ProjectVersion: , EngineNetworkVersion: 2, GameNetworkVersion: 0, NetworkChecksum: 2458951082
[2017.04.24-20.47.55:415][  0]LogAssetRegistry: FAssetRegistry took 0.0224 seconds to start up
[2017.04.24-20.47.55:446][  0]LogPackageLocalizationCache: Processed 3 localized package path(s) for 1 prioritized culture(s) in 0.011502 seconds
[2017.04.24-20.47.55:452][  0]LogUObjectArray: 32493 objects as part of root set at end of initial load.
[2017.04.24-20.47.55:452][  0]LogUObjectAllocator: 7077032 out of 0 bytes used by permanent object pool.
[2017.04.24-20.47.55:452][  0]LogUObjectArray: CloseDisregardForGC: 0/0 objects in disregard for GC pool
[2017.04.24-20.47.55:511][  0]LogInit: WinSock: version 1.1 (2.2), MaxSocks=32767, MaxUdp=65467
[2017.04.24-20.47.56:997][  0]LogTcpMessaging: Initializing TcpMessaging bridge
[2017.04.24-20.47.57:055][  0]LogUdpMessaging: Initializing bridge on interface 0.0.0.0:0 to multicast group 230.0.0.1:6666.
[2017.04.24-20.47.57:475][  0]LogMaterial: Uniform references updated for custom material expression Custom.
[2017.04.24-20.47.57:829][  0]SourceControl: Info Source control is disabled
[2017.04.24-20.47.57:830][  0]SourceControl: Info Source control is disabled
[2017.04.24-20.47.57:872][  0]SourceControl: Info Source control is disabled
[2017.04.24-20.47.57:914][  0]SourceControl: Info Source control is disabled
[2017.04.24-20.47.59:045][  0]LogEngine: Initializing Engine...
[2017.04.24-20.47.59:046][  0]LogHMD: Failed to initialize OpenVR with code 110
[2017.04.24-20.47.59:266][  0]LogAIModule: Creating AISystem for world Untitled
[2017.04.24-20.47.59:274][  0]LogInit: XAudio2 using 'VX228-4 (NVIDIA High Definition Audio)' : 2 channels at 48 kHz using 16 bits per sample (channel mask 0x3)
[2017.04.24-20.47.59:286][  0]LogInit: FAudioDevice initialized.
[2017.04.24-20.47.59:314][  0]LogDerivedDataCache: Saved boot cache 0.03s 50MB C:/Users/James Keo/AppData/Local/UnrealEngine/4.15/DerivedDataCache/Boot.ddc.
[2017.04.24-20.47.59:321][  0]LogInit: Texture streaming: Enabled
[2017.04.24-20.47.59:407][  0]LogEngineSessionManager: EngineSessionManager initialized
[2017.04.24-20.47.59:489][  0]LogInit: Transaction tracking system initialized
[2017.04.24-20.47.59:808][  0]BlueprintLog: New page: Editor Load
[2017.04.24-20.48.00:623][  0]LocalizationService: Info Localization service is disabled
[2017.04.24-20.48.01:246][  0]LogConsoleResponse:Display: 
[2017.04.24-20.48.01:358][  0]LogCook:Display: Max memory allowance for cook 16384mb min free memory 0mb
[2017.04.24-20.48.01:358][  0]LogFileCache: Scanning file cache for directory 'D:/UnrealEngineProjects/FallOfStarlight/Content/' took 0.01s
[2017.04.24-20.48.01:358][  0]LogCook:Display: Mobile HDR setting 1
[2017.04.24-20.48.02:271][  0]SourceControl: Info Source control is disabled
[2017.04.24-20.48.02:271][  0]Cmd: MAP LOAD FILE="../../../Engine/Content/Maps/Templates/Template_Default.umap" TEMPLATE=1 SHOWPROGRESS=1 FEATURELEVEL=3
[2017.04.24-20.48.02:271][  0]LightingResults: New page: Lighting Build
[2017.04.24-20.48.02:307][  0]MapCheck: New page: Map Check
[2017.04.24-20.48.02:307][  0]LightingResults: New page: Lighting Build
[2017.04.24-20.48.02:492][  0]LogAIModule: Creating AISystem for world Untitled_1
[2017.04.24-20.48.02:510][  0]LogActorComponent: RegisterComponentWithWorld: (/Temp/Untitled_1.Untitled_1:PersistentLevel.WorldSettings_1.StaticMeshComponent0) Trying to register component with IsPendingKill() == true. Aborting.
[2017.04.24-20.48.02:515][  0]LogEditorServer: Finished looking for orphan Actors (0.000 secs)
[2017.04.24-20.48.02:518][  0]Cmd: MAP CHECKDEP NOCLEARLOG
[2017.04.24-20.48.02:554][  0]MapCheck: Info Map check complete: 0 Error(s), 0 Warning(s), took 36.407ms to complete.
[2017.04.24-20.48.02:554][  0]LogFileHelpers: Loading map 'Template_Default' took 0.284
[2017.04.24-20.48.02:888][  0]LogCollectionManager: Loaded 0 collections in 0.001521 seconds
[2017.04.24-20.48.02:995][  0]LogFileCache: Scanning file cache for directory 'D:/UnrealEngineProjects/FallOfStarlight/Saved/Collections/' took 0.01s
[2017.04.24-20.48.02:995][  0]LogFileCache: Scanning file cache for directory 'D:/UnrealEngineProjects/FallOfStarlight/Content/Developers/JamesKeo/Collections/' took 0.01s
[2017.04.24-20.48.02:995][  0]LogFileCache: Scanning file cache for directory 'D:/UnrealEngineProjects/FallOfStarlight/Content/Collections/' took 0.01s
[2017.04.24-20.48.02:995][  0]LogCollectionManager: Rebuilt the GUID cache for 0 collections in 0.000002 seconds
[2017.04.24-20.48.03:007][  0]LogContentBrowser: Native class hierarchy populated in 0.0093 seconds. Added 2245 classes and 453 folders.
[2017.04.24-20.48.03:013][  0]LogStats: UGameplayTagsManager::ConstructGameplayTagTree: Construct from data asset -  0.000 s
[2017.04.24-20.48.03:014][  0]LogStats: UGameplayTagsManager::ConstructGameplayTagTree: GameplayTagTreeChangedEvent.Broadcast -  0.000 s
[2017.04.24-20.48.03:071][  0]LogContentBrowser: Native class hierarchy updated for 'WidgetCarousel' in 0.0005 seconds. Added 0 classes and 0 folders.
[2017.04.24-20.48.03:358][  0]LogContentBrowser: Native class hierarchy updated for 'AddContentDialog' in 0.0005 seconds. Added 0 classes and 0 folders.
[2017.04.24-20.48.03:402][  0]LogContentBrowser: Native class hierarchy updated for 'SceneOutliner' in 0.0006 seconds. Added 1 classes and 2 folders.
[2017.04.24-20.48.03:482][  0]LogCrashTracker: Crashtracker disabled due to settings.
[2017.04.24-20.48.03:503][  0]LogUObjectGlobals:Warning: Failed to find object 'Class None.'
[2017.04.24-20.48.03:565][  0]LogContentBrowser: Native class hierarchy updated for 'HierarchicalLODOutliner' in 0.0008 seconds. Added 1 classes and 2 folders.
[2017.04.24-20.48.03:566][  0]LogLoad: (Engine Initialization) Total time: 15.56 seconds
[2017.04.24-20.48.03:566][  0]LogLoad: (Engine Initialization) Total Blueprint compile time: 0.08 seconds
[2017.04.24-20.48.03:566][  0]LogExternalProfiler: No external profilers were discovered.  External profiling features will not be available.
[2017.04.24-20.48.03:576][  0]LogWindowsTextInputMethodSystem:Display: IME system now deactivated.
[2017.04.24-20.48.03:577][  0]LogOcInput: OculusInput pre-init called
[2017.04.24-20.48.03:607][  0]LogContentStreaming: Texture pool size now 1000 MB
[2017.04.24-20.48.03:608][  0]LogSlate: Took 0.000220 seconds to synchronously load lazily loaded font '../../../Engine/Content/Slate/Fonts/Roboto-Regular.ttf' (155K)
[2017.04.24-20.48.03:612][  0]LogSlate: Took 0.000239 seconds to synchronously load lazily loaded font '../../../Engine/Content/Slate/Fonts/Roboto-Bold.ttf' (160K)
[2017.04.24-20.48.03:624][  0]LogSlate: Took 0.004664 seconds to synchronously load lazily loaded font '../../../Engine/Content/Editor/Slate/Fonts/FontAwesome.ttf' (139K)
[2017.04.24-20.48.03:796][  0]LogSlate: Took 0.005129 seconds to synchronously load lazily loaded font '../../../Engine/Content/Slate/Fonts/Roboto-Light.ttf' (159K)
[2017.04.24-20.48.03:852][  0]LogRenderer: Reallocating scene render targets to support 1208x576 NumSamples 1 (Frame:2).
[2017.04.24-20.48.03:980][  1]LogAssetRegistry: Asset discovery search completed in 8.5869 seconds
[2017.04.24-20.48.03:980][  1]LogCollectionManager: Rebuilt the object cache for 0 collections in 0.000005 seconds (found 0 objects)
[2017.04.24-20.48.03:980][  1]LogCollectionManager: Fixed up redirectors for 0 collections in 0.000048 seconds (updated 0 objects)
[2017.04.24-20.48.17:967][504]LogSlate: Only BGRA pngs, bmps or icos are supported in by External Image Picker
[2017.04.24-20.48.18:018][505]LogTemp:Display: Executing iPhonePackager certificates Engine -bundlename com.YourCompany.FallOfStarlight

[2017.04.24-20.48.18:018][505]LogTemp:Display: CWD: C:\Program Files\Epic Games\UE_4.15\Engine\Binaries\DotNET\IOS

[2017.04.24-20.48.18:018][505]LogTemp:Display: Initial Dir: C:\Program Files\Epic Games\UE_4.15

[2017.04.24-20.48.18:018][505]LogTemp:Display: Env CWD: C:\Program Files\Epic Games\UE_4.15\Engine\Binaries\DotNET\IOS

[2017.04.24-20.48.18:044][506]LogTemp:Display: BranchPath = DESKTOP-M5B22NK/C/Program Files/Epic Games/UE_4.15/Engine/Binaries --- GameBranchPath = DESKTOP-M5B22NK/C/Program Files/Epic Games/UE_4.15/Engine/Binaries

[2017.04.24-20.48.18:084][509]LogTemp:Display: IPP ERROR: Application exception: System.IO.DirectoryNotFoundException: Impossible de trouver une partie du chemin d'acc?s 'C:\Users\James Keo\AppData\Local\Apple Computer\MobileDevice\Provisioning Profiles'.

[2017.04.24-20.48.18:084][509]LogTemp:Display:    ? System.IO.__Error.WinIOError(Int32 errorCode, String maybeFullPath)

[2017.04.24-20.48.18:084][509]LogTemp:Display:    ? System.IO.FileSystemEnumerableIterator`1.CommonInit()

[2017.04.24-20.48.18:084][509]LogTemp:Display:    ? System.IO.Directory.EnumerateFiles(String path, String searchPattern)

[2017.04.24-20.48.18:084][509]LogTemp:Display:    ? iPhonePackager.CodeSignatureBuilder.FindProvisions(String CFBundleIdentifier)

[2017.04.24-20.48.18:084][509]LogTemp:Display:    ? iPhonePackager.Program.Main(String[] args)

[2017.04.24-20.48.26:058][439]LogSlate: Took 0.000169 seconds to synchronously load lazily loaded font '../../../Engine/Content/Slate/Fonts/Roboto-Light.ttf' (159K)
[2017.04.24-20.48.34:479][400]LogSlate: Took 0.000127 seconds to synchronously load lazily loaded font '../../../Engine/Content/Slate/Fonts/Roboto-Light.ttf' (159K)
[2017.04.24-20.48.34:490][400]LogLinker:Warning: Can't find file '/Game/TrollContent/JamesText'
[2017.04.24-20.48.34:491][400]LogLinker:Warning: Can't find file for asset '/Game/TrollContent/JamesText' while loading D:/UnrealEngineProjects/FallOfStarlight/Content/Maps/TestMapJames.umap.
[2017.04.24-20.48.34:491][400]LoadErrors:Error: Error /Game/Maps/TestMapJames : Can't find file for asset. /Game/TrollContent/JamesText
[2017.04.24-20.48.34:491][400]LogLinker:Warning: Can't find file '/Game/TrollContent/JamesText'
[2017.04.24-20.48.34:491][400]LogLinker:Warning: Can't find file for asset '/Game/TrollContent/JamesText' while loading D:/UnrealEngineProjects/FallOfStarlight/Content/Maps/TestMapJames.umap.
[2017.04.24-20.48.34:492][400]LogLinker:Warning: Can't find file '/Game/TrollContent/JamesText'
[2017.04.24-20.48.34:492][400]LogLinker:Warning: Can't find file for asset '/Game/TrollContent/JamesText' while loading D:/UnrealEngineProjects/FallOfStarlight/Content/Maps/TestMapJames.umap.
[2017.04.24-20.48.34:492][400]LogLinker:Warning: Can't find file '/Game/TrollContent/JamesText'
[2017.04.24-20.48.34:493][400]LogLinker:Warning: Can't find file for asset '/Game/TrollContent/JamesText' while loading D:/UnrealEngineProjects/FallOfStarlight/Content/Maps/TestMapJames.umap.
[2017.04.24-20.48.34:493][400]LogLinker:Warning: Can't find file '/Game/TrollContent/JamesText'
[2017.04.24-20.48.34:493][400]LogLinker:Warning: Can't find file for asset '/Game/TrollContent/JamesText' while loading D:/UnrealEngineProjects/FallOfStarlight/Content/Maps/TestMapJames.umap.
[2017.04.24-20.48.34:494][400]LogLinker:Warning: Can't find file '/Game/TrollContent/JamesText'
[2017.04.24-20.48.34:494][400]LogLinker:Warning: Can't find file for asset '/Game/TrollContent/JamesText' while loading NULL.
[2017.04.24-20.48.34:494][400]LogLinker:Warning: Can't find file '/Game/TrollContent/JamesText'
[2017.04.24-20.48.34:494][400]LogLinker:Warning: Can't find file for asset '/Game/TrollContent/JamesText' while loading NULL.
[2017.04.24-20.48.34:494][400]LogLinker:Warning: Can't find file '/Game/TrollContent/JamesText'
[2017.04.24-20.48.34:494][400]LogLinker:Warning: Can't find file for asset '/Game/TrollContent/JamesText' while loading NULL.
[2017.04.24-20.48.34:494][400]LogLinker:Warning: Can't find file '/Game/TrollContent/JamesText'
[2017.04.24-20.48.34:495][400]LogLinker:Warning: Can't find file for asset '/Game/TrollContent/JamesText' while loading NULL.
[2017.04.24-20.48.34:495][400]LogLinker:Warning: Can't find file '/Game/TrollContent/JamesText'
[2017.04.24-20.48.34:495][400]LogLinker:Warning: Can't find file for asset '/Game/TrollContent/JamesText' while loading NULL.
[2017.04.24-20.48.34:495][400]LogLinker:Warning: Can't find file '/Game/TrollContent/JamesText'
[2017.04.24-20.48.34:495][400]LogLinker:Warning: Can't find file for asset '/Game/TrollContent/JamesText' while loading NULL.
[2017.04.24-20.48.34:496][400]LogLinker:Warning: Can't find file '/Game/TrollContent/JamesText'
[2017.04.24-20.48.34:496][400]LogLinker:Warning: Can't find file for asset '/Game/TrollContent/JamesText' while loading NULL.
[2017.04.24-20.48.34:496][400]LogLinker:Warning: Can't find file '/Game/TrollContent/JamesText'
[2017.04.24-20.48.34:496][400]LoadErrors: Info Failed to load /Game/TrollContent/JamesText.JamesText_C Referenced by PersistentLevel
[2017.04.24-20.48.34:496][400]LogLinker:Warning: Can't find file for asset '/Game/TrollContent/JamesText' while loading NULL.
[2017.04.24-20.48.34:498][400]LogAIModule: Creating AISystem for world TestMapJames
[2017.04.24-20.48.34:520][400]Cmd: MAP LOAD FILE="D:/UnrealEngineProjects/FallOfStarlight/Content/Maps/TestMapJames.umap" TEMPLATE=0 SHOWPROGRESS=1 FEATURELEVEL=3
[2017.04.24-20.48.34:520][400]LightingResults: New page: Lighting Build
[2017.04.24-20.48.34:521][400]LoadErrors: New page: Loading map: TestMapJames.umap
[2017.04.24-20.48.34:522][400]MapCheck: New page: Map Check
[2017.04.24-20.48.34:522][400]LightingResults: New page: Lighting Build
[2017.04.24-20.48.34:587][400]LogEditorServer: Finished looking for orphan Actors (0.000 secs)
[2017.04.24-20.48.34:599][400]Cmd: MAP CHECKDEP NOCLEARLOG
[2017.04.24-20.48.34:637][400]MapCheck: Info Map check complete: 0 Error(s), 0 Warning(s), took 37.752ms to complete.
[2017.04.24-20.48.34:637][400]LogFileHelpers: Loading map 'TestMapJames' took 0.119
[2017.04.24-20.48.34:646][400]LoadErrors:Warning: Warning CreateExport: Failed to load Outer for resource 'Sprite': JamesText_C /Game/Maps/TestMapJames.TestMapJames:PersistentLevel.JamesText
[2017.04.24-20.48.34:646][400]LoadErrors:Warning: Warning CreateExport: Failed to load Outer for resource 'NewTextRenderComponent': JamesText_C /Game/Maps/TestMapJames.TestMapJames:PersistentLevel.JamesText
[2017.04.24-20.48.37:243][704]LogTemp: Repeting last play command: Selected Viewport
[2017.04.24-20.48.37:250][704]LogPlayLevel: PlayLevel: No blueprints needed recompiling
[2017.04.24-20.48.37:252][704]PIE: New page: PIE session: TestMapJames (Apr 25, 2017, 12:48:37 AM)
[2017.04.24-20.48.37:253][704]LogPlayLevel: Creating play world package: /Game/Maps/UEDPIE_0_TestMapJames
[2017.04.24-20.48.37:257][704]LogPlayLevel: PIE: StaticDuplicateObject took: (0.003474s)
[2017.04.24-20.48.37:258][704]LogAIModule: Creating AISystem for world TestMapJames
[2017.04.24-20.48.37:258][704]LogPlayLevel: PIE: World Init took: (0.001010s)
[2017.04.24-20.48.37:258][704]LogPlayLevel: PIE: Created PIE world by copying editor world from /Game/Maps/TestMapJames.TestMapJames to /Game/Maps/UEDPIE_0_TestMapJames.TestMapJames (0.005508s)
[2017.04.24-20.48.37:281][704]LogInit: XAudio2 using 'VX228-4 (NVIDIA High Definition Audio)' : 2 channels at 48 kHz using 16 bits per sample (channel mask 0x3)
[2017.04.24-20.48.37:287][704]LogInit: FAudioDevice initialized.
[2017.04.24-20.48.37:341][704]LogLoad: Game class is 'GameModeBase'
[2017.04.24-20.48.37:352][704]LogWorld: Bringing World /Game/Maps/UEDPIE_0_TestMapJames.TestMapJames up for play (max tick rate 0) at 2017.04.24-22.48.37
[2017.04.24-20.48.37:354][704]LogWorld: Bringing up level for play took: 0.002867
[2017.04.24-20.48.37:452][704]LogContentBrowser: Native class hierarchy updated for 'MovieSceneCapture' in 0.0007 seconds. Added 11 classes and 0 folders.
[2017.04.24-20.48.37:458][704]PIE: Info Play in editor start time for /Game/Maps/UEDPIE_0_TestMapJames 0.339
[2017.04.24-20.52.03:402][ 36]Cmd: DELETE
[2017.04.24-20.52.03:404][ 36]Cmd: ACTOR DELETE
[2017.04.24-20.52.03:410][ 36]LogEditorActor: Deleted Actor: PointLight
[2017.04.24-20.52.03:418][ 36]LogEditorActor: Deleted 1 Actors (0.009 secs)
[2017.04.24-20.52.22:880][346]LogSlate: Took 0.004081 seconds to synchronously load lazily loaded font '../../../Engine/Content/Editor/Slate/Fonts/Roboto-Italic.ttf' (157K)
[2017.04.24-20.52.29:781][171]LogTemp: Repeting last play command: Selected Viewport
[2017.04.24-20.52.29:790][171]LogPlayLevel: PlayLevel: No blueprints needed recompiling
[2017.04.24-20.52.29:790][171]PIE: New page: PIE session: TestMapJames (Apr 25, 2017, 12:52:29 AM)
[2017.04.24-20.52.29:790][171]LogPlayLevel: Creating play world package: /Game/Maps/UEDPIE_0_TestMapJames
[2017.04.24-20.52.29:792][171]LogPlayLevel: PIE: StaticDuplicateObject took: (0.001502s)
[2017.04.24-20.52.29:793][171]LogAIModule: Creating AISystem for world TestMapJames
[2017.04.24-20.52.29:793][171]LogPlayLevel: PIE: World Init took: (0.000996s)
[2017.04.24-20.52.29:793][171]LogPlayLevel: PIE: Created PIE world by copying editor world from /Game/Maps/TestMapJames.TestMapJames to /Game/Maps/UEDPIE_0_TestMapJames.TestMapJames (0.002672s)
[2017.04.24-20.52.29:805][171]LogInit: XAudio2 using 'VX228-4 (NVIDIA High Definition Audio)' : 2 channels at 48 kHz using 16 bits per sample (channel mask 0x3)
[2017.04.24-20.52.29:811][171]LogInit: FAudioDevice initialized.
[2017.04.24-20.52.29:842][171]LogLoad: Game class is 'GameModeBase'
[2017.04.24-20.52.29:844][171]LogWorld: Bringing World /Game/Maps/UEDPIE_0_TestMapJames.TestMapJames up for play (max tick rate 0) at 2017.04.24-22.52.29
[2017.04.24-20.52.29:844][171]LogWorld: Bringing up level for play took: 0.000841
[2017.04.24-20.52.29:845][171]PIE: Info Play in editor start time for /Game/Maps/UEDPIE_0_TestMapJames 0.726
[2017.04.24-20.52.37:084][ 16]LogEditorViewport: Clicking on Actor (LMB): StaticMeshActor (Floor)
[2017.04.24-20.52.37:710][ 81]LogEditorViewport: Clicking on Actor (LMB): TextRenderActor (TextRenderActor)
[2017.04.24-20.53.32:334][620]LogTemp: Repeting last play command: Selected Viewport
[2017.04.24-20.53.32:343][620]LogPlayLevel: PlayLevel: No blueprints needed recompiling
[2017.04.24-20.53.32:343][620]PIE: New page: PIE session: TestMapJames (Apr 25, 2017, 12:53:32 AM)
[2017.04.24-20.53.32:343][620]LogPlayLevel: Creating play world package: /Game/Maps/UEDPIE_0_TestMapJames
[2017.04.24-20.53.32:345][620]LogPlayLevel: PIE: StaticDuplicateObject took: (0.001886s)
[2017.04.24-20.53.32:346][620]LogAIModule: Creating AISystem for world TestMapJames
[2017.04.24-20.53.32:346][620]LogPlayLevel: PIE: World Init took: (0.000878s)
[2017.04.24-20.53.32:346][620]LogPlayLevel: PIE: Created PIE world by copying editor world from /Game/Maps/TestMapJames.TestMapJames to /Game/Maps/UEDPIE_0_TestMapJames.TestMapJames (0.003016s)
[2017.04.24-20.53.32:359][620]LogInit: XAudio2 using 'VX228-4 (NVIDIA High Definition Audio)' : 2 channels at 48 kHz using 16 bits per sample (channel mask 0x3)
[2017.04.24-20.53.32:365][620]LogInit: FAudioDevice initialized.
[2017.04.24-20.53.32:395][620]LogLoad: Game class is 'GameModeBase'
[2017.04.24-20.53.32:397][620]LogWorld: Bringing World /Game/Maps/UEDPIE_0_TestMapJames.TestMapJames up for play (max tick rate 0) at 2017.04.24-22.53.32
[2017.04.24-20.53.32:397][620]LogWorld: Bringing up level for play took: 0.000997
[2017.04.24-20.53.32:398][620]PIE: Info Play in editor start time for /Game/Maps/UEDPIE_0_TestMapJames -0.721
[2017.04.24-20.53.39:798][486]LogEditorViewport: Clicking on Actor (LMB): PlayerStart (Player Start)
[2017.04.24-20.53.45:687][187]LogNavigationPoint: PostEditMove Clear paths rebuilt
[2017.04.24-20.53.46:746][313]LogTemp: Repeting last play command: Selected Viewport
[2017.04.24-20.53.46:754][313]LogPlayLevel: PlayLevel: No blueprints needed recompiling
[2017.04.24-20.53.46:754][313]PIE: New page: PIE session: TestMapJames (Apr 25, 2017, 12:53:46 AM)
[2017.04.24-20.53.46:754][313]LogPlayLevel: Creating play world package: /Game/Maps/UEDPIE_0_TestMapJames
[2017.04.24-20.53.46:756][313]LogPlayLevel: PIE: StaticDuplicateObject took: (0.001411s)
[2017.04.24-20.53.46:756][313]LogAIModule: Creating AISystem for world TestMapJames
[2017.04.24-20.53.46:757][313]LogPlayLevel: PIE: World Init took: (0.000804s)
[2017.04.24-20.53.46:757][313]LogPlayLevel: PIE: Created PIE world by copying editor world from /Game/Maps/TestMapJames.TestMapJames to /Game/Maps/UEDPIE_0_TestMapJames.TestMapJames (0.002440s)
[2017.04.24-20.53.46:769][313]LogInit: XAudio2 using 'VX228-4 (NVIDIA High Definition Audio)' : 2 channels at 48 kHz using 16 bits per sample (channel mask 0x3)
[2017.04.24-20.53.46:774][313]LogInit: FAudioDevice initialized.
[2017.04.24-20.53.46:801][313]LogLoad: Game class is 'GameModeBase'
[2017.04.24-20.53.46:804][313]LogWorld: Bringing World /Game/Maps/UEDPIE_0_TestMapJames.TestMapJames up for play (max tick rate 0) at 2017.04.24-22.53.46
[2017.04.24-20.53.46:804][313]LogWorld: Bringing up level for play took: 0.000856
[2017.04.24-20.53.46:805][313]PIE: Info Play in editor start time for /Game/Maps/UEDPIE_0_TestMapJames -0.315
[2017.04.24-20.54.30:844][506]LogContentBrowser: Native class hierarchy updated for 'BlueprintGraph' in 0.0012 seconds. Added 112 classes and 0 folders.
[2017.04.24-20.54.33:590][644]LogRenderer: Reallocating scene render targets to support 1208x900 NumSamples 1 (Frame:30481).
[2017.04.24-20.54.51:177][376]LogSlate: Took 0.004717 seconds to synchronously load lazily loaded font '../../../Engine/Content/Editor/Slate/Fonts/Roboto-BoldCondensed.ttf' (158K)
[2017.04.24-20.58.30:072][623]BlueprintLog: New page: Compile JamesTextRender
[2017.04.24-20.58.32:770][869]LogTemp: Repeting last play command: Selected Viewport
[2017.04.24-20.58.32:783][869]LogPlayLevel: PlayLevel: No blueprints needed recompiling
[2017.04.24-20.58.32:783][869]PIE: New page: PIE session: TestMapJames (Apr 25, 2017, 12:58:32 AM)
[2017.04.24-20.58.32:783][869]LogPlayLevel: Creating play world package: /Game/Maps/UEDPIE_0_TestMapJames
[2017.04.24-20.58.32:785][869]LogPlayLevel: PIE: StaticDuplicateObject took: (0.001628s)
[2017.04.24-20.58.32:786][869]LogAIModule: Creating AISystem for world TestMapJames
[2017.04.24-20.58.32:786][869]LogPlayLevel: PIE: World Init took: (0.000877s)
[2017.04.24-20.58.32:786][869]LogPlayLevel: PIE: Created PIE world by copying editor world from /Game/Maps/TestMapJames.TestMapJames to /Game/Maps/UEDPIE_0_TestMapJames.TestMapJames (0.002730s)
[2017.04.24-20.58.32:804][869]LogInit: XAudio2 using 'VX228-4 (NVIDIA High Definition Audio)' : 2 channels at 48 kHz using 16 bits per sample (channel mask 0x3)
[2017.04.24-20.58.32:811][869]LogInit: FAudioDevice initialized.
[2017.04.24-20.58.32:840][869]LogLoad: Game class is 'GameModeBase'
[2017.04.24-20.58.32:843][869]LogWorld: Bringing World /Game/Maps/UEDPIE_0_TestMapJames.TestMapJames up for play (max tick rate 0) at 2017.04.24-22.58.32
[2017.04.24-20.58.32:843][869]LogWorld: Bringing up level for play took: 0.001160
[2017.04.24-20.58.32:844][869]PIE: Info Play in editor start time for /Game/Maps/UEDPIE_0_TestMapJames -0.275
[2017.04.24-20.59.06:247][314]LogSlate: Took 0.003867 seconds to synchronously load lazily loaded font '../../../Engine/Content/Editor/Slate/Fonts/Roboto-BoldCondensedItalic.ttf' (160K)
[2017.04.24-20.59.13:292][997]BlueprintLog: New page: Compile JamesTextRender
[2017.04.24-21.00.26:605][753]BlueprintLog: New page: Compile JamesTextRender
[2017.04.24-21.00.29:227][992]Cmd: OBJ SAVEPACKAGE PACKAGE="/Game/TrollBP/JamesTextRender" FILE="D:/UnrealEngineProjects/FallOfStarlight/Content/TrollBP/JamesTextRender.uasset" SILENT=true
[2017.04.24-21.00.29:254][992]LogSavePackage: Save=24.82ms
[2017.04.24-21.00.29:254][992]LogSavePackage: Moving 'D:/UnrealEngineProjects/FallOfStarlight/Saved/JamesTextRenderC57DE9B34B56A32F77C01FBE807CE82D.tmp' to 'D:/UnrealEngineProjects/FallOfStarlight/Content/TrollBP/JamesTextRender.uasset'
[2017.04.24-21.00.29:276][992]LogSavePackage:Display: Finished SavePackage D:/UnrealEngineProjects/FallOfStarlight/Content/TrollBP/JamesTextRender.uasset
[2017.04.24-21.00.31:486][221]LogTemp: Repeting last play command: Selected Viewport
[2017.04.24-21.00.31:494][221]LogPlayLevel: PlayLevel: No blueprints needed recompiling
[2017.04.24-21.00.31:494][221]PIE: New page: PIE session: TestMapJames (Apr 25, 2017, 1:00:31 AM)
[2017.04.24-21.00.31:494][221]LogPlayLevel: Creating play world package: /Game/Maps/UEDPIE_0_TestMapJames
[2017.04.24-21.00.31:496][221]LogPlayLevel: PIE: StaticDuplicateObject took: (0.001489s)
[2017.04.24-21.00.31:497][221]LogAIModule: Creating AISystem for world TestMapJames
[2017.04.24-21.00.31:497][221]LogPlayLevel: PIE: World Init took: (0.000977s)
[2017.04.24-21.00.31:497][221]LogPlayLevel: PIE: Created PIE world by copying editor world from /Game/Maps/TestMapJames.TestMapJames to /Game/Maps/UEDPIE_0_TestMapJames.TestMapJames (0.002741s)
[2017.04.24-21.00.31:515][221]LogInit: XAudio2 using 'VX228-4 (NVIDIA High Definition Audio)' : 2 channels at 48 kHz using 16 bits per sample (channel mask 0x3)
[2017.04.24-21.00.31:522][221]LogInit: FAudioDevice initialized.
[2017.04.24-21.00.31:553][221]LogLoad: Game class is 'GameModeBase'
[2017.04.24-21.00.31:555][221]LogWorld: Bringing World /Game/Maps/UEDPIE_0_TestMapJames.TestMapJames up for play (max tick rate 0) at 2017.04.24-23.00.31
[2017.04.24-21.00.31:556][221]LogWorld: Bringing up level for play took: 0.000910
[2017.04.24-21.00.31:557][221]PIE: Info Play in editor start time for /Game/Maps/UEDPIE_0_TestMapJames 0.437
[2017.04.24-21.01.27:134][257]BlueprintLog: New page: Compile JamesTextRender
[2017.04.24-21.01.29:162][453]LogTemp: Repeting last play command: Selected Viewport
[2017.04.24-21.01.29:170][453]LogPlayLevel: PlayLevel: No blueprints needed recompiling
[2017.04.24-21.01.29:170][453]PIE: New page: PIE session: TestMapJames (Apr 25, 2017, 1:01:29 AM)
[2017.04.24-21.01.29:170][453]LogPlayLevel: Creating play world package: /Game/Maps/UEDPIE_0_TestMapJames
[2017.04.24-21.01.29:171][453]LogPlayLevel: PIE: StaticDuplicateObject took: (0.001386s)
[2017.04.24-21.01.29:172][453]LogAIModule: Creating AISystem for world TestMapJames
[2017.04.24-21.01.29:172][453]LogPlayLevel: PIE: World Init took: (0.000728s)
[2017.04.24-21.01.29:172][453]LogPlayLevel: PIE: Created PIE world by copying editor world from /Game/Maps/TestMapJames.TestMapJames to /Game/Maps/UEDPIE_0_TestMapJames.TestMapJames (0.002300s)
[2017.04.24-21.01.29:191][453]LogInit: XAudio2 using 'VX228-4 (NVIDIA High Definition Audio)' : 2 channels at 48 kHz using 16 bits per sample (channel mask 0x3)
[2017.04.24-21.01.29:197][453]LogInit: FAudioDevice initialized.
[2017.04.24-21.01.29:227][453]LogLoad: Game class is 'GameModeBase'
[2017.04.24-21.01.29:229][453]LogWorld: Bringing World /Game/Maps/UEDPIE_0_TestMapJames.TestMapJames up for play (max tick rate 0) at 2017.04.24-23.01.29
[2017.04.24-21.01.29:229][453]LogWorld: Bringing up level for play took: 0.001597
[2017.04.24-21.01.29:231][453]PIE: Info Play in editor start time for /Game/Maps/UEDPIE_0_TestMapJames 0.112
[2017.04.24-21.02.41:950][656]Cmd: OBJ SAVEPACKAGE PACKAGE="/Game/Maps/TestMapJames" FILE="D:/UnrealEngineProjects/FallOfStarlight/Saved/Autosaves/Game/Maps/TestMapJames_Auto1.umap" SILENT=true AUTOSAVING=true KEEPDIRTY=false
[2017.04.24-21.02.41:991][656]LogSavePackage: Save=28.17ms
[2017.04.24-21.02.41:991][656]LogSavePackage: Moving 'D:/UnrealEngineProjects/FallOfStarlight/Saved/TestMapJames_Auto1E07EEEF340315140075B5F9CFF59E799.tmp' to 'D:/UnrealEngineProjects/FallOfStarlight/Saved/Autosaves/Game/Maps/TestMapJames_Auto1.umap'
[2017.04.24-21.02.41:991][656]LogSavePackage:Display: Finished SavePackage D:/UnrealEngineProjects/FallOfStarlight/Saved/Autosaves/Game/Maps/TestMapJames_Auto1.umap
[2017.04.24-21.02.41:995][656]LogFileHelpers: Editor autosave (incl. sublevels) for '/Game/Maps/TestMapJames' took 0.065
[2017.04.24-21.02.41:995][656]LogFileHelpers: Editor autosave (incl. sublevels) for all levels took 0.065
[2017.04.24-21.02.41:997][656]OBJ SavePackage: Generating thumbnails for [0] asset(s) in package [/Game/TrollBP/JamesTextRender] ([1] browsable assets)...
[2017.04.24-21.02.41:997][656]OBJ SavePackage: Finished generating thumbnails for package [/Game/TrollBP/JamesTextRender]
[2017.04.24-21.02.41:997][656]Cmd: OBJ SAVEPACKAGE PACKAGE="/Game/TrollBP/JamesTextRender" FILE="D:/UnrealEngineProjects/FallOfStarlight/Saved/Autosaves/Game/TrollBP/JamesTextRender_Auto1.uasset" SILENT=false AUTOSAVING=true
[2017.04.24-21.02.42:022][656]LogSavePackage: Save=18.53ms
[2017.04.24-21.02.42:022][656]LogSavePackage: Moving 'D:/UnrealEngineProjects/FallOfStarlight/Saved/JamesTextRender_Auto131BDFED54C6F8B119CF5E2B8B140CB2A.tmp' to 'D:/UnrealEngineProjects/FallOfStarlight/Saved/Autosaves/Game/TrollBP/JamesTextRender_Auto1.uasset'
[2017.04.24-21.02.42:022][656]LogSavePackage:Display: Finished SavePackage D:/UnrealEngineProjects/FallOfStarlight/Saved/Autosaves/Game/TrollBP/JamesTextRender_Auto1.uasset
[2017.04.24-21.02.42:022][656]LogFileHelpers: Auto-saving content packages took 0.026
[2017.04.24-21.03.42:333][ 49]SourceControl: Info On branch master
[2017.04.24-21.03.42:333][ 49]SourceControl: Info Your branch is up-to-date with 'origin/master'.
[2017.04.24-21.03.42:333][ 49]SourceControl: Info Untracked files:
[2017.04.24-21.03.42:333][ 49]SourceControl: Info   (use "git add <file>..." to include in what will be committed)
[2017.04.24-21.03.42:333][ 49]SourceControl: Info 	Config/
[2017.04.24-21.03.42:333][ 49]SourceControl: Info 	Content/TrollBP/
[2017.04.24-21.03.42:333][ 49]SourceControl: Info 	Intermediate/
[2017.04.24-21.03.42:333][ 49]SourceControl: Info 	Saved/
[2017.04.24-21.03.42:333][ 49]SourceControl: Info nothing added to commit but untracked files present (use "git add" to track)
[2017.04.24-21.03.49:746][926]SourceControl: Info fatal: C:/Program Files/Epic Games/UE_4.15/Engine/Content/: 'C:/Program Files/Epic Games/UE_4.15/Engine/Content/' is outside repository
[2017.04.24-21.03.51:936][926]Cmd: OBJ SAVEPACKAGE PACKAGE="/Game/TrollBP/JamesTextRender" FILE="D:/UnrealEngineProjects/FallOfStarlight/Content/TrollBP/JamesTextRender.uasset" SILENT=true
[2017.04.24-21.03.51:956][926]LogSavePackage: Save=19.10ms
[2017.04.24-21.03.51:956][926]LogSavePackage: Moving 'D:/UnrealEngineProjects/FallOfStarlight/Saved/JamesTextRenderF304F84741D2ED475F8794B8336B2C13.tmp' to 'D:/UnrealEngineProjects/FallOfStarlight/Content/TrollBP/JamesTextRender.uasset'
[2017.04.24-21.03.51:960][926]LogSavePackage:Display: Finished SavePackage D:/UnrealEngineProjects/FallOfStarlight/Content/TrollBP/JamesTextRender.uasset
[2017.04.24-21.03.51:963][926]LogPackageName:Error: Illegal call to DoesPackageExist: 'D:/UnrealEngineProjects/FallOfStarlight/FallOfStarlight.uproject' is not a standard unreal filename or a long path name. Reason: Path should be no less than 4 characters long.
[2017.04.24-21.03.52:186][926]LogStats: FPlatformStackWalk::StackWalkAndDump -  0.222 s
[2017.04.24-21.03.52:186][926]LogOutputDevice:Error: === Handled ensure: ===
[2017.04.24-21.03.52:186][926]LogOutputDevice:Error: 
[2017.04.24-21.03.52:186][926]LogOutputDevice:Error: Ensure condition failed: false [File:D:\Build\++UE4+Release-4.15+Compile\Sync\Engine\Source\Runtime\CoreUObject\Private\Misc\PackageName.cpp] [Line: 650]
[2017.04.24-21.03.52:186][926]LogOutputDevice:Error: Illegal call to DoesPackageExist: 'D:/UnrealEngineProjects/FallOfStarlight/FallOfStarlight.uproject' is not a standard unreal filename or a long path name. Reason: Path should be no less than 4 characters long.
[2017.04.24-21.03.52:186][926]LogOutputDevice:Error: Stack: 
[2017.04.24-21.03.52:186][926]LogOutputDevice:Error: UE4Editor-Core.dll!0x0000000084D795E6
[2017.04.24-21.03.52:186][926]LogOutputDevice:Error: UE4Editor-Core.dll!0x0000000084B29B82
[2017.04.24-21.03.52:186][926]LogOutputDevice:Error: UE4Editor-Core.dll!0x0000000084B3B666
[2017.04.24-21.03.52:186][926]LogOutputDevice:Error: UE4Editor-CoreUObject.dll!0x000000008A7AA6B8
[2017.04.24-21.03.52:186][926]LogOutputDevice:Error: UE4Editor-SourceControl.dll!0x0000000092AF3D22
[2017.04.24-21.03.52:186][926]LogOutputDevice:Error: UE4Editor-SourceControl.dll!0x0000000092AF3EB9
[2017.04.24-21.03.52:186][926]LogOutputDevice:Error: UE4Editor-SourceControlWindows.dll!0x0000000078351D2E
[2017.04.24-21.03.52:186][926]LogOutputDevice:Error: UE4Editor-SourceControlWindows.dll!0x000000007830B4B5
[2017.04.24-21.03.52:186][926]LogOutputDevice:Error: UE4Editor-SourceControlWindows.dll!0x000000007830AA8D
[2017.04.24-21.03.52:186][926]LogOutputDevice:Error: UE4Editor-SourceControlWindows.dll!0x000000007831F274
[2017.04.24-21.03.52:186][926]LogOutputDevice:Error: UE4Editor-GitSourceControl.dll!0x000000006F79B851
[2017.04.24-21.03.52:186][926]LogOutputDevice:Error: UE4Editor-GitSourceControl.dll!0x000000006F7AD1ED
[2017.04.24-21.03.52:186][926]LogOutputDevice:Error: UE4Editor-SourceControl.dll!0x0000000092AF9C5C
[2017.04.24-21.03.52:186][926]LogOutputDevice:Error: UE4Editor-UnrealEd.dll!0x000000007F007517
[2017.04.24-21.03.52:186][926]LogOutputDevice:Error: UE4Editor-UnrealEd.dll!0x000000007F812086
[2017.04.24-21.03.52:186][926]LogOutputDevice:Error: UE4Editor.exe!0x000000001A53DEE3
[2017.04.24-21.03.52:186][926]LogOutputDevice:Error: UE4Editor.exe!0x000000001A52EB40
[2017.04.24-21.03.52:186][926]LogOutputDevice:Error: UE4Editor.exe!0x000000001A52EBBA
[2017.04.24-21.03.52:186][926]LogOutputDevice:Error: UE4Editor.exe!0x000000001A540A29
[2017.04.24-21.03.52:186][926]LogOutputDevice:Error: UE4Editor.exe!0x000000001A5422B6
[2017.04.24-21.03.52:186][926]LogOutputDevice:Error: KERNEL32.DLL!0x00000000C67A2774
[2017.04.24-21.03.52:186][926]LogOutputDevice:Error: ntdll.dll!0x00000000C7EA0D61
[2017.04.24-21.03.52:186][926]LogOutputDevice:Error: 
[2017.04.24-21.03.52:189][926]LogStats:                SubmitErrorReport -  0.000 s
