Log file open, 06/04/17 23:19:23
LogInit:Display: Running engine for game: FallOfStarlight
LogPlatformFile: Not using cached read wrapper
LogInit:Display: RandInit(930980032) SRandInit(930980032).
LogTaskGraph: Started task graph with 5 named threads and 8 total threads with 1 sets of task threads.
LogStats: Stats thread started at 0.080554
LogInit: Using libcurl 7.47.1
LogInit:  - built for x86_64-pc-win32
LogInit:  - supports SSL with OpenSSL/1.0.2g
LogInit:  - supports HTTP deflate (compression) using libz 1.2.8
LogInit:  - other features:
LogInit:      CURL_VERSION_SSL
LogInit:      CURL_VERSION_LIBZ
LogInit:      CURL_VERSION_IPV6
LogInit:      CURL_VERSION_ASYNCHDNS
LogInit:      CURL_VERSION_LARGEFILE
LogInit:      CURL_VERSION_IDN
LogInit:  CurlRequestOptions (configurable via config and command line):
LogInit:  - bVerifyPeer = false  - Libcurl will NOT verify peer certificate
LogInit:  - bUseHttpProxy = false  - Libcurl will NOT use HTTP proxy
LogInit:  - bDontReuseConnections = false  - Libcurl will reuse connections
LogInit:  - CertBundlePath = nullptr  - Libcurl will use whatever was configured at build time.
LogInit: Build: ++UE4+Release-4.15-CL-3450819
LogInit: Engine Version: 4.15.3-3450819+++UE4+Release-4.15
LogInit: Compatible Engine Version: 4.15.0-3299760+++UE4+Release-4.15
LogInit: Net CL: 3299760
LogDevObjectVersion: Number of dev versions registered: 14
LogDevObjectVersion:   Dev-Blueprints (B0D832E4-1F89-4F0D-ACCF-7EB736FD4AA2): 8
LogDevObjectVersion:   Dev-Build (E1C64328-A22C-4D53-A36C-8E866417BD8C): 0
LogDevObjectVersion:   Dev-Core (375EC13C-06E4-48FB-B500-84F0262A717E): 2
LogDevObjectVersion:   Dev-Editor (E4B068ED-F494-42E9-A231-DA0B2E46BB41): 14
LogDevObjectVersion:   Dev-Framework (CFFC743F-43B0-4480-9391-14DF171D2073): 22
LogDevObjectVersion:   Dev-Mobile (B02B49B5-BB20-44E9-A304-32B752E40360): 0
LogDevObjectVersion:   Dev-Networking (A4E4105C-59A1-49B5-A7C5-40C4547EDFEE): 0
LogDevObjectVersion:   Dev-Online (39C831C9-5AE6-47DC-9A44-9C173E1C8E7C): 0
LogDevObjectVersion:   Dev-Physics (78F01B33-EBEA-4F98-B9B4-84EACCB95AA2): 0
LogDevObjectVersion:   Dev-Platform (6631380F-2D4D-43E0-8009-CF276956A95A): 0
LogDevObjectVersion:   Dev-Rendering (12F88B9F-8875-4AFC-A67C-D90C383ABD29): 12
LogDevObjectVersion:   Dev-Sequencer (7B5AE74C-D270-4C10-A958-57980B212A5A): 3
LogDevObjectVersion:   Dev-VR (D7296918-1DD6-4BDD-9DE2-64A83CC13884): 0
LogDevObjectVersion:   Dev-LoadTimes (C2A15278-BFE7-4AFE-6C17-90FF531DF755): 1
LogInit: Compiled (64-bit): May 21 2017 11:02:34
LogInit: Compiled with Visual C++: 19.00.23026.00
LogInit: Build Configuration: Development
LogInit: Branch Name: ++UE4+Release-4.15
LogInit: Command line: -EpicPortal 
LogInit: Base directory: C:/Program Files/Epic Games/UE_4.15/Engine/Binaries/Win64/
LogInit: Installed Engine Build: 1
LogInit: Presizing for max 8388607 objects, including 0 objects not considered by GC, pre-allocating 0 bytes for permanent pool.
LogInit: Object subsystem initialized
[2017.06.04-21.19.24:553][  0]LogInit: Selected Device Profile: [Windows]
[2017.06.04-21.19.24:553][  0]LogInit: Applying CVar settings loaded from the selected device profile: [Windows]
[2017.06.04-21.19.24:563][  0]LogInit: Computer: DESKTOP-M5B22NK
[2017.06.04-21.19.24:563][  0]LogInit: User: JamesKeo
[2017.06.04-21.19.24:563][  0]LogInit: CPU Page size=65536, Cores=4
[2017.06.04-21.19.24:563][  0]LogInit: High frequency timer resolution =3.125013 MHz
[2017.06.04-21.19.24:563][  0]LogMemory: Memory total: Physical=7.9GB (8GB approx)
[2017.06.04-21.19.24:563][  0]LogMemory: Platform Memory Stats for Windows
[2017.06.04-21.19.24:563][  0]LogMemory: Process Physical Memory: 262.37 MB used, 262.37 MB peak
[2017.06.04-21.19.24:563][  0]LogMemory: Process Virtual Memory: 262.11 MB used, 262.11 MB peak
[2017.06.04-21.19.24:563][  0]LogMemory: Physical Memory: 7213.86 MB used,  914.05 MB free, 8127.91 MB total
[2017.06.04-21.19.24:563][  0]LogMemory: Virtual Memory: 644.11 MB used,  914.05 MB free, 134217728.00 MB total
[2017.06.04-21.19.24:642][  0]LogTextLocalizationManager: No translations for ('fr-FR') exist, falling back to 'en' for localization and internationalization data.
[2017.06.04-21.19.25:308][  0]LogD3D11RHI: D3D11 adapters:
[2017.06.04-21.19.25:992][  0]LogD3D11RHI:    0. 'NVIDIA GeForce GTX 1060 3GB' (Feature Level 11_0)
[2017.06.04-21.19.25:992][  0]LogD3D11RHI:       3019/0/4063 MB DedicatedVideo/DedicatedSystem/SharedSystem, Outputs:1, VendorId:0x10de
[2017.06.04-21.19.25:993][  0]LogD3D11RHI:    1. 'Microsoft Basic Render Driver' (Feature Level 11_0)
[2017.06.04-21.19.25:993][  0]LogD3D11RHI:       0/0/4063 MB DedicatedVideo/DedicatedSystem/SharedSystem, Outputs:0, VendorId:0x1414
[2017.06.04-21.19.25:993][  0]LogD3D11RHI: Chosen D3D11 Adapter: 0
[2017.06.04-21.19.26:000][  0]LogD3D11RHI: Creating new Direct3DDevice
[2017.06.04-21.19.26:000][  0]LogD3D11RHI:     GPU DeviceId: 0x1c02 (for the marketing name, search the web for "GPU Device Id")
[2017.06.04-21.19.26:000][  0]LogWindows: EnumDisplayDevices:
[2017.06.04-21.19.26:000][  0]LogWindows:    0. 'NVIDIA GeForce GTX 1060 3GB' (P:1 D:1)
[2017.06.04-21.19.26:000][  0]LogWindows:    1. 'NVIDIA GeForce GTX 1060 3GB' (P:0 D:0)
[2017.06.04-21.19.26:001][  0]LogWindows:    2. 'NVIDIA GeForce GTX 1060 3GB' (P:0 D:0)
[2017.06.04-21.19.26:001][  0]LogWindows:    3. 'NVIDIA GeForce GTX 1060 3GB' (P:0 D:0)
[2017.06.04-21.19.26:001][  0]LogWindows: DebugString: FoundDriverCount:4 
[2017.06.04-21.19.26:001][  0]LogD3D11RHI:     Adapter Name: NVIDIA GeForce GTX 1060 3GB
[2017.06.04-21.19.26:001][  0]LogD3D11RHI:   Driver Version: 382.05 (internal:22.21.13.8205, unified:382.05)
[2017.06.04-21.19.26:001][  0]LogD3D11RHI:      Driver Date: 5-1-2017
[2017.06.04-21.19.26:001][  0]LogRHI: Texture pool is 1361 MB (70% of 1945 MB)
[2017.06.04-21.19.26:664][  0]LogD3D11RHI: Async texture creation enabled
[2017.06.04-21.19.26:691][  0]LogD3D11RHI: GPU Timing Frequency: 1000.000000 (Debug: 2 1)
[2017.06.04-21.19.26:739][  0]LogShaderCompilers: Guid format shader working directory is 32 characters bigger than the processId version (D:/FallOfStarlight/Intermediate/Shaders/WorkingDirectory/3752/).
[2017.06.04-21.19.26:739][  0]LogShaderCompilers: Cleaned the shader compiler working directory 'C:/Users/James Keo/AppData/Local/Temp/UnrealShaderWorkingDir/604F92204924323A98B01A9CD93DFA13/'.
[2017.06.04-21.19.26:739][  0]LogShaderCompilers:Display: Using Local Shader Compiler.
[2017.06.04-21.19.27:865][  0]LogTemp:Display: Loaded TP AllDesktopTargetPlatform
[2017.06.04-21.19.27:922][  0]LogTemp:Display: Loaded TP MacClientTargetPlatform
[2017.06.04-21.19.27:979][  0]LogTemp:Display: Loaded TP MacNoEditorTargetPlatform
[2017.06.04-21.19.28:035][  0]LogTemp:Display: Loaded TP MacServerTargetPlatform
[2017.06.04-21.19.28:090][  0]LogTemp:Display: Loaded TP MacTargetPlatform
[2017.06.04-21.19.28:152][  0]LogTemp:Display: Loaded TP WindowsClientTargetPlatform
[2017.06.04-21.19.28:209][  0]LogTemp:Display: Loaded TP WindowsNoEditorTargetPlatform
[2017.06.04-21.19.28:263][  0]LogTemp:Display: Loaded TP WindowsServerTargetPlatform
[2017.06.04-21.19.28:312][  0]LogTemp:Display: Loaded TP WindowsTargetPlatform
[2017.06.04-21.19.28:370][  0]LogTemp:Display: Loaded TP AndroidTargetPlatform
[2017.06.04-21.19.28:423][  0]LogTemp:Display: Loaded TP Android_ASTCTargetPlatform
[2017.06.04-21.19.28:480][  0]LogTemp:Display: Loaded TP Android_ATCTargetPlatform
[2017.06.04-21.19.28:536][  0]LogTemp:Display: Loaded TP Android_DXTTargetPlatform
[2017.06.04-21.19.28:589][  0]LogTemp:Display: Loaded TP Android_ETC1TargetPlatform
[2017.06.04-21.19.28:645][  0]LogTemp:Display: Loaded TP Android_ETC2TargetPlatform
[2017.06.04-21.19.28:784][  0]LogTemp:Display: Loaded TP Android_MultiTargetPlatform
[2017.06.04-21.19.28:784][  0]LogTemp:Display: Loaded TP Android_PVRTCTargetPlatform
[2017.06.04-21.19.28:827][  0]LogTemp:Display: Loaded TP HTML5TargetPlatform
[2017.06.04-21.19.28:923][  0]LogTemp:Display: Loaded TP IOSTargetPlatform
[2017.06.04-21.19.28:960][  0]LogTemp:Display: Loaded TP TVOSTargetPlatform
[2017.06.04-21.19.29:015][  0]LogTemp:Display: Loaded TP LinuxClientTargetPlatform
[2017.06.04-21.19.29:071][  0]LogTemp:Display: Loaded TP LinuxNoEditorTargetPlatform
[2017.06.04-21.19.29:126][  0]LogTemp:Display: Loaded TP LinuxServerTargetPlatform
[2017.06.04-21.19.29:183][  0]LogTemp:Display: Loaded TP LinuxTargetPlatform
[2017.06.04-21.19.29:183][  0]LogTargetPlatformManager:Display: Building Assets For Windows
[2017.06.04-21.19.29:658][  0]LogDerivedDataCache:Display: Max Cache Size: 512 MB
[2017.06.04-21.19.29:731][  0]LogDerivedDataCache: Loaded boot cache 0.07s 50MB C:/Users/James Keo/AppData/Local/UnrealEngine/4.15/DerivedDataCache/Boot.ddc.
[2017.06.04-21.19.29:731][  0]LogDerivedDataCache:Display: Loaded Boot cache: C:/Users/James Keo/AppData/Local/UnrealEngine/4.15/DerivedDataCache/Boot.ddc
[2017.06.04-21.19.29:731][  0]LogDerivedDataCache: FDerivedDataBackendGraph:  Pak pak cache file D:/FallOfStarlight/DerivedDataCache/DDC.ddp not found, will not use a pak cache.
[2017.06.04-21.19.29:731][  0]LogDerivedDataCache: Unable to find inner node Pak for hierarchical cache Hierarchy.
[2017.06.04-21.19.29:731][  0]LogDerivedDataCache: FDerivedDataBackendGraph:  CompressedPak pak cache file D:/FallOfStarlight/DerivedDataCache/Compressed.ddp not found, will not use a pak cache.
[2017.06.04-21.19.29:731][  0]LogDerivedDataCache: Unable to find inner node CompressedPak for hierarchical cache Hierarchy.
[2017.06.04-21.19.29:750][  0]LogDerivedDataCache:Display: Pak cache opened for reading ../../../Engine/DerivedDataCache/Compressed.ddp.
[2017.06.04-21.19.29:762][  0]LogDerivedDataCache: Using Local data cache path C:/Users/James Keo/AppData/Local/UnrealEngine/Common/DerivedDataCache: Writable
[2017.06.04-21.19.29:772][  0]LogSlate: Using Freetype 2.6.0
[2017.06.04-21.19.29:773][  0]LogSlate: SlateFontCache - WITH_FREETYPE: 1, WITH_HARFBUZZ: 1
[2017.06.04-21.19.29:773][  0]LogSlate: SlateFontCache - WITH_FREETYPE: 1, WITH_HARFBUZZ: 1
[2017.06.04-21.19.30:096][  0]LogInit: Selected Device Profile: [Windows]
[2017.06.04-21.19.30:099][  0]LogContentStreaming: Texture pool size is 0.00 MB
[2017.06.04-21.19.30:362][  0]LogMeshUtilities: Using QuadricMeshReduction for automatic static mesh reduction
[2017.06.04-21.19.30:410][  0]LogSimplygon: Simplygon DLL not present - disabling.
[2017.06.04-21.19.30:462][  0]LogMeshUtilities: Using SimplygonSwarm for distributed automatic mesh merging
[2017.06.04-21.19.30:462][  0]LogMeshUtilities: No automatic skeletal mesh reduction module available
[2017.06.04-21.19.30:462][  0]LogMeshUtilities: No automatic mesh merging module available
[2017.06.04-21.19.31:081][  0]LogNetVersion: GetLocalNetworkVersion: CL: 3299760, ProjectName: fallofstarlight, ProjectVersion: , EngineNetworkVersion: 2, GameNetworkVersion: 0, NetworkChecksum: 2458951082
[2017.06.04-21.19.31:127][  0]LogAssetRegistry: FAssetRegistry took 0.0211 seconds to start up
[2017.06.04-21.19.31:160][  0]LogPackageLocalizationCache: Processed 3 localized package path(s) for 1 prioritized culture(s) in 0.011877 seconds
[2017.06.04-21.19.31:167][  0]LogUObjectArray: 32493 objects as part of root set at end of initial load.
[2017.06.04-21.19.31:167][  0]LogUObjectAllocator: 7077024 out of 0 bytes used by permanent object pool.
[2017.06.04-21.19.31:167][  0]LogUObjectArray: CloseDisregardForGC: 0/0 objects in disregard for GC pool
[2017.06.04-21.19.31:233][  0]LogInit: WinSock: version 1.1 (2.2), MaxSocks=32767, MaxUdp=65467
[2017.06.04-21.19.33:056][  0]LogTcpMessaging: Initializing TcpMessaging bridge
[2017.06.04-21.19.33:094][  0]LogUdpMessaging: Initializing bridge on interface 0.0.0.0:0 to multicast group 230.0.0.1:6666.
[2017.06.04-21.19.33:613][  0]LogMaterial: Uniform references updated for custom material expression Custom.
[2017.06.04-21.19.34:017][  0]SourceControl: Info Source control is disabled
[2017.06.04-21.19.35:604][  0]LogEngine: Initializing Engine...
[2017.06.04-21.19.35:604][  0]LogHMD: Failed to initialize OpenVR with code 110
[2017.06.04-21.19.35:721][  0]LogStats: UGameplayTagsManager::ConstructGameplayTagTree: Construct from data asset -  0.000 s
[2017.06.04-21.19.35:721][  0]LogStats: UGameplayTagsManager::ConstructGameplayTagTree: GameplayTagTreeChangedEvent.Broadcast -  0.000 s
[2017.06.04-21.19.35:861][  0]LogAIModule: Creating AISystem for world Untitled
[2017.06.04-21.19.35:870][  0]LogInit: XAudio2 using 'VX228-4 (NVIDIA High Definition Audio)' : 2 channels at 48 kHz using 16 bits per sample (channel mask 0x3)
[2017.06.04-21.19.35:881][  0]LogInit: FAudioDevice initialized.
[2017.06.04-21.19.35:909][  0]LogDerivedDataCache: Saved boot cache 0.03s 50MB C:/Users/James Keo/AppData/Local/UnrealEngine/4.15/DerivedDataCache/Boot.ddc.
[2017.06.04-21.19.35:919][  0]LogInit: Texture streaming: Enabled
[2017.06.04-21.19.36:033][  0]LogEngineSessionManager: EngineSessionManager initialized
[2017.06.04-21.19.36:138][  0]LogInit: Transaction tracking system initialized
[2017.06.04-21.19.36:605][  0]BlueprintLog: New page: Editor Load
[2017.06.04-21.19.37:664][  0]LocalizationService: Info Localization service is disabled
[2017.06.04-21.19.38:465][  0]LogConsoleResponse:Display: 
[2017.06.04-21.19.38:606][  0]LogCook:Display: Max memory allowance for cook 16384mb min free memory 0mb
[2017.06.04-21.19.38:607][  0]LogCook:Display: Mobile HDR setting 1
[2017.06.04-21.19.39:781][  0]LogFileCache: Scanning file cache for directory 'D:/FallOfStarlight/Content/' took 0.01s
[2017.06.04-21.19.39:826][  0]Cmd: MAP LOAD FILE="D:/FallOfStarlight/Content/Maps/TestMapJames.umap" TEMPLATE=0 SHOWPROGRESS=1 FEATURELEVEL=3
[2017.06.04-21.19.39:827][  0]LightingResults: New page: Lighting Build
[2017.06.04-21.19.39:869][  0]MapCheck: New page: Map Check
[2017.06.04-21.19.39:869][  0]LightingResults: New page: Lighting Build
[2017.06.04-21.19.40:134][  0]LogAIModule: Creating AISystem for world TestMapJames
[2017.06.04-21.19.40:158][  0]LogEditorServer: Finished looking for orphan Actors (0.000 secs)
[2017.06.04-21.19.40:159][  0]Cmd: MAP CHECKDEP NOCLEARLOG
[2017.06.04-21.19.40:199][  0]MapCheck: Info Map check complete: 0 Error(s), 0 Warning(s), took 39.57ms to complete.
[2017.06.04-21.19.40:199][  0]LogFileHelpers: Loading map 'TestMapJames' took 0.373
[2017.06.04-21.19.40:436][  0]LogCollectionManager: Loaded 0 collections in 0.001496 seconds
[2017.06.04-21.19.40:528][  0]LogFileCache: Scanning file cache for directory 'D:/FallOfStarlight/Saved/Collections/' took 0.01s
[2017.06.04-21.19.40:528][  0]LogFileCache: Scanning file cache for directory 'D:/FallOfStarlight/Content/Developers/JamesKeo/Collections/' took 0.01s
[2017.06.04-21.19.40:528][  0]LogFileCache: Scanning file cache for directory 'D:/FallOfStarlight/Content/Collections/' took 0.01s
[2017.06.04-21.19.40:528][  0]LogCollectionManager: Rebuilt the GUID cache for 0 collections in 0.000002 seconds
[2017.06.04-21.19.40:540][  0]LogContentBrowser: Native class hierarchy populated in 0.0102 seconds. Added 2245 classes and 453 folders.
[2017.06.04-21.19.40:616][  0]LogContentBrowser: Native class hierarchy updated for 'WidgetCarousel' in 0.0005 seconds. Added 0 classes and 0 folders.
[2017.06.04-21.19.40:950][  0]LogContentBrowser: Native class hierarchy updated for 'AddContentDialog' in 0.0005 seconds. Added 0 classes and 0 folders.
[2017.06.04-21.19.41:003][  0]LogContentBrowser: Native class hierarchy updated for 'SceneOutliner' in 0.0005 seconds. Added 1 classes and 2 folders.
[2017.06.04-21.19.41:184][  0]LogCrashTracker: Crashtracker disabled due to settings.
[2017.06.04-21.19.41:205][  0]LogUObjectGlobals:Warning: Failed to find object 'Class None.'
[2017.06.04-21.19.41:277][  0]LogContentBrowser: Native class hierarchy updated for 'HierarchicalLODOutliner' in 0.0006 seconds. Added 1 classes and 2 folders.
[2017.06.04-21.19.41:277][  0]LogLoad: (Engine Initialization) Total time: 21.81 seconds
[2017.06.04-21.19.41:277][  0]LogLoad: (Engine Initialization) Total Blueprint compile time: 0.11 seconds
[2017.06.04-21.19.41:277][  0]LogExternalProfiler: No external profilers were discovered.  External profiling features will not be available.
[2017.06.04-21.19.41:618][  0]LogOcInput: OculusInput pre-init called
[2017.06.04-21.19.41:644][  0]LogContentStreaming: Texture pool size now 1000 MB
[2017.06.04-21.19.41:645][  0]LogSlate: Took 0.000226 seconds to synchronously load lazily loaded font '../../../Engine/Content/Slate/Fonts/Roboto-Regular.ttf' (155K)
[2017.06.04-21.19.41:648][  0]LogSlate: Took 0.000216 seconds to synchronously load lazily loaded font '../../../Engine/Content/Slate/Fonts/Roboto-Bold.ttf' (160K)
[2017.06.04-21.19.41:660][  0]LogSlate: Took 0.004925 seconds to synchronously load lazily loaded font '../../../Engine/Content/Editor/Slate/Fonts/FontAwesome.ttf' (139K)
[2017.06.04-21.19.41:858][  0]LogRenderer: Reallocating scene render targets to support 1208x576 NumSamples 1 (Frame:2).
[2017.06.04-21.19.42:014][  0]LogSlate: Took 0.005015 seconds to synchronously load lazily loaded font '../../../Engine/Content/Slate/Fonts/Roboto-Light.ttf' (159K)
[2017.06.04-21.19.42:137][  1]LogAssetRegistry: Asset discovery search completed in 11.0308 seconds
[2017.06.04-21.19.42:137][  1]LogCollectionManager: Rebuilt the object cache for 0 collections in 0.000008 seconds (found 0 objects)
[2017.06.04-21.19.42:137][  1]LogCollectionManager: Fixed up redirectors for 0 collections in 0.000027 seconds (updated 0 objects)
[2017.06.04-21.19.42:803][  3]LogSlate: Took 0.000327 seconds to synchronously load lazily loaded font '../../../Engine/Content/Slate/Fonts/Roboto-Light.ttf' (159K)
[2017.06.04-21.19.49:578][ 32]LogEditorViewport: Clicking on Actor (LMB): BP_Sky_Sphere_C (Sky Sphere)
[2017.06.04-21.20.10:688][518]SourceControl:Error: Error Failed to enable Git source control. You need to initialize the project as a Git repository first.
[2017.06.04-21.20.23:192][994]SourceControl: Info Source control is disabled
[2017.06.04-21.28.21:022][566]LogEditorViewport: Clicking on Actor (LMB): BP_Sky_Sphere_C (Sky Sphere)
[2017.06.04-21.28.34:982][236]LogEditorViewport: Clicking on Actor (LMB): BP_Sky_Sphere_C (Sky Sphere)
[2017.06.04-21.28.35:577][304]LogEditorViewport: Clicking on Actor (LMB): BP_Sky_Sphere_C (Sky Sphere)
[2017.06.04-21.28.36:174][370]LogEditorViewport: Clicking on Actor (LMB): BP_Sky_Sphere_C (Sky Sphere)
[2017.06.04-21.28.37:065][474]LogEditorViewport: Clicking on Actor (LMB): JamesTextRender_C (JamesTextRender)
[2017.06.04-21.30.25:807][456]LogSlate: Took 0.005094 seconds to synchronously load lazily loaded font '../../../Engine/Content/Editor/Slate/Fonts/Roboto-Italic.ttf' (157K)
[2017.06.04-21.34.47:304][442]LogSlate: Took 0.000151 seconds to synchronously load lazily loaded font '../../../Engine/Content/Slate/Fonts/Roboto-Light.ttf' (159K)
[2017.06.04-21.34.47:821][442]LogContentBrowser: Native class hierarchy updated for 'BlueprintGraph' in 0.0009 seconds. Added 112 classes and 0 folders.
[2017.06.04-21.34.48:549][442]LogSlate: Took 0.003993 seconds to synchronously load lazily loaded font '../../../Engine/Content/Editor/Slate/Fonts/Roboto-BoldCondensed.ttf' (158K)
[2017.06.04-21.44.07:626][ 61]LogSlate: Took 0.005354 seconds to synchronously load lazily loaded font '../../../Engine/Content/Editor/Slate/Fonts/Roboto-BoldCondensedItalic.ttf' (160K)
[2017.06.04-22.03.35:477][326]SourceControl: Info On branch master
[2017.06.04-22.03.35:477][326]SourceControl: Info Your branch is up-to-date with 'origin/master'.
[2017.06.04-22.03.35:477][326]SourceControl: Info Changes not staged for commit:
[2017.06.04-22.03.35:477][326]SourceControl: Info   (use "git add <file>..." to update what will be committed)
[2017.06.04-22.03.35:477][326]SourceControl: Info   (use "git checkout -- <file>..." to discard changes in working directory)
[2017.06.04-22.03.35:477][326]SourceControl: Info 	modified:   Config/DefaultEngine.ini
[2017.06.04-22.03.35:477][326]SourceControl: Info 	modified:   Content/Maps/TestMapJames.umap
[2017.06.04-22.03.35:477][326]SourceControl: Info 	modified:   Intermediate/CachedAssetRegistry.bin
[2017.06.04-22.03.35:477][326]SourceControl: Info 	modified:   Intermediate/Config/CoalescedSourceConfigs/Engine.ini
[2017.06.04-22.03.35:477][326]SourceControl: Info 	modified:   Saved/Autosaves/PackageRestoreData.json
[2017.06.04-22.03.35:477][326]SourceControl: Info 	modified:   Saved/Config/Windows/Editor.ini
[2017.06.04-22.03.35:477][326]SourceControl: Info 	modified:   Saved/Config/Windows/EditorPerProjectUserSettings.ini
[2017.06.04-22.03.35:477][326]SourceControl: Info 	modified:   Saved/Config/Windows/Engine.ini
[2017.06.04-22.03.35:477][326]SourceControl: Info 	modified:   Saved/Logs/FallOfStarlight.log
[2017.06.04-22.03.35:477][326]SourceControl: Info Untracked files:
[2017.06.04-22.03.35:477][326]SourceControl: Info   (use "git add <file>..." to include in what will be committed)
[2017.06.04-22.03.35:477][326]SourceControl: Info 	Content/FoSBlueprints/
[2017.06.04-22.03.35:477][326]SourceControl: Info 	Content/GameMode/
[2017.06.04-22.03.35:477][326]SourceControl: Info 	Content/Maps/Tutoriel.umap
[2017.06.04-22.03.35:477][326]SourceControl: Info 	Content/Raw/
[2017.06.04-22.03.35:477][326]SourceControl: Info 	Content/Sprites/
[2017.06.04-22.03.35:477][326]SourceControl: Info 	Saved/AutoScreenshot.png
[2017.06.04-22.03.35:477][326]SourceControl: Info 	Saved/Autosaves/Game/Maps/Tutoriel_Auto1.umap
[2017.06.04-22.03.35:477][326]SourceControl: Info 	Saved/Backup/Background-Placeholder_Sprite_2017-06-04-21-22-27.uasset
[2017.06.04-22.03.35:477][326]SourceControl: Info 	Saved/Backup/FoSGameMode_2017-06-04-21-38-32.uasset
[2017.06.04-22.03.35:477][326]SourceControl: Info 	Saved/Backup/FoSGameMode_2017-06-04-21-51-34.uasset
[2017.06.04-22.03.35:477][326]SourceControl: Info 	Saved/Backup/ParentTile_2017-06-04-21-36-48.uasset
[2017.06.04-22.03.35:477][326]SourceControl: Info 	Saved/Backup/Starlight-Placeholder_Sprite_2017-06-04-21-40-41.uasset
[2017.06.04-22.03.35:477][326]SourceControl: Info 	Saved/Backup/Starlight_2017-06-04-21-44-04.uasset
[2017.06.04-22.03.35:477][326]SourceControl: Info 	Saved/Backup/TestMapJames_2017-06-04-21-37-14.umap
[2017.06.04-22.03.35:477][326]SourceControl: Info 	Saved/Backup/Tutoriel_2017-06-03-19-24-26.umap
[2017.06.04-22.03.35:477][326]SourceControl: Info 	Saved/Backup/Tutoriel_2017-06-04-21-36-48.umap
[2017.06.04-22.03.35:477][326]SourceControl: Info 	Saved/Backup/Tutoriel_2017-06-04-21-51-28.umap
[2017.06.04-22.03.35:477][326]SourceControl: Info 	Saved/Config/WorldState/1826518944.json
[2017.06.04-22.03.35:477][326]SourceControl: Info 	Saved/Logs/FallOfStarlight-backup-2017.06.03-17.18.34.log
[2017.06.04-22.03.35:477][326]SourceControl: Info 	Saved/Logs/FallOfStarlight-backup-2017.06.03-19.03.05.log
[2017.06.04-22.03.35:477][326]SourceControl: Info 	Saved/Logs/FallOfStarlight-backup-2017.06.04-21.06.43.log
[2017.06.04-22.03.35:477][326]SourceControl: Info 	Saved/Logs/FallOfStarlight-backup-2017.06.04-23.19.23.log
[2017.06.04-22.03.35:477][326]SourceControl: Info 	Saved/Logs/UE4CC-Windows-076971E440274B48C4B6DE82F7DA4478/
[2017.06.04-22.03.35:477][326]SourceControl: Info 	Saved/Logs/UE4CC-Windows-076971E440274B48C4B6DE82F7DA4478_0000/
[2017.06.04-22.03.35:477][326]SourceControl: Info 	Saved/Logs/UE4CC-Windows-22D4C552499DF098DB2794AF6C3E6A87/
[2017.06.04-22.03.35:477][326]SourceControl: Info 	Saved/Logs/UE4CC-Windows-B21B44E14C8CD1B2C5744F82EF7BD9C9/
[2017.06.04-22.03.35:477][326]SourceControl: Info 	Saved/Logs/UE4CC-Windows-C29A20E84050C93F41C8ABB7B3E496EF/
[2017.06.04-22.03.35:477][326]SourceControl: Info no changes added to commit (use "git add" and/or "git commit -a")
[2017.06.04-22.03.56:730][663]Cmd: OBJ SAVEPACKAGE PACKAGE="/Game/TrollBP/JamesTextRender" FILE="D:/FallOfStarlight/Content/TrollBP/JamesTextRender.uasset" SILENT=true
[2017.06.04-22.03.56:768][663]LogSavePackage: Save=28.14ms
[2017.06.04-22.03.56:768][663]LogSavePackage: Moving 'D:/FallOfStarlight/Saved/JamesTextRender1A84524F4C0FAC186F5133999F564205.tmp' to 'D:/FallOfStarlight/Content/TrollBP/JamesTextRender.uasset'
[2017.06.04-22.03.56:772][663]LogSavePackage:Display: Finished SavePackage D:/FallOfStarlight/Content/TrollBP/JamesTextRender.uasset
[2017.06.04-22.03.57:509][725]BlueprintLog: New page: Compile JamesTextRender
[2017.06.04-22.04.00:088][947]LogTemp: Repeting last play command: Selected Viewport
[2017.06.04-22.04.00:110][947]LogPlayLevel: PlayLevel: No blueprints needed recompiling
[2017.06.04-22.04.00:112][947]PIE: New page: PIE session: TestMapJames (Jun 5, 2017, 2:04:00 AM)
[2017.06.04-22.04.00:113][947]LogPlayLevel: Creating play world package: /Game/Maps/UEDPIE_0_TestMapJames
[2017.06.04-22.04.00:116][947]LogPlayLevel: PIE: StaticDuplicateObject took: (0.003149s)
[2017.06.04-22.04.00:117][947]LogAIModule: Creating AISystem for world TestMapJames
[2017.06.04-22.04.00:117][947]LogPlayLevel: PIE: World Init took: (0.001090s)
[2017.06.04-22.04.00:117][947]LogPlayLevel: PIE: Created PIE world by copying editor world from /Game/Maps/TestMapJames.TestMapJames to /Game/Maps/UEDPIE_0_TestMapJames.TestMapJames (0.004956s)
[2017.06.04-22.04.00:136][947]LogInit: XAudio2 using 'VX228-4 (NVIDIA High Definition Audio)' : 2 channels at 48 kHz using 16 bits per sample (channel mask 0x3)
[2017.06.04-22.04.00:144][947]LogInit: FAudioDevice initialized.
[2017.06.04-22.04.00:200][947]LogLoad: Game class is 'GameModeBase'
[2017.06.04-22.04.00:207][947]LogWorld: Bringing World /Game/Maps/UEDPIE_0_TestMapJames.TestMapJames up for play (max tick rate 0) at 2017.06.05-00.04.00
[2017.06.04-22.04.00:208][947]LogWorld: Bringing up level for play took: 0.001093
[2017.06.04-22.04.00:255][947]LogContentBrowser: Native class hierarchy updated for 'MovieSceneCapture' in 0.0008 seconds. Added 11 classes and 0 folders.
[2017.06.04-22.04.00:259][947]PIE: Info Play in editor start time for /Game/Maps/UEDPIE_0_TestMapJames 0.666
[2017.06.04-22.04.17:839][463]BlueprintLog: New page: Compile JamesTextRender
[2017.06.04-22.04.20:684][728]LogTemp: Repeting last play command: Selected Viewport
[2017.06.04-22.04.20:696][728]LogPlayLevel: PlayLevel: No blueprints needed recompiling
[2017.06.04-22.04.20:696][728]PIE: New page: PIE session: TestMapJames (Jun 5, 2017, 2:04:20 AM)
[2017.06.04-22.04.20:696][728]LogPlayLevel: Creating play world package: /Game/Maps/UEDPIE_0_TestMapJames
[2017.06.04-22.04.20:698][728]LogPlayLevel: PIE: StaticDuplicateObject took: (0.002009s)
[2017.06.04-22.04.20:699][728]LogAIModule: Creating AISystem for world TestMapJames
[2017.06.04-22.04.20:699][728]LogPlayLevel: PIE: World Init took: (0.000956s)
[2017.06.04-22.04.20:699][728]LogPlayLevel: PIE: Created PIE world by copying editor world from /Game/Maps/TestMapJames.TestMapJames to /Game/Maps/UEDPIE_0_TestMapJames.TestMapJames (0.003148s)
[2017.06.04-22.04.20:717][728]LogInit: XAudio2 using 'VX228-4 (NVIDIA High Definition Audio)' : 2 channels at 48 kHz using 16 bits per sample (channel mask 0x3)
[2017.06.04-22.04.20:723][728]LogInit: FAudioDevice initialized.
[2017.06.04-22.04.20:752][728]LogLoad: Game class is 'GameModeBase'
[2017.06.04-22.04.20:754][728]LogWorld: Bringing World /Game/Maps/UEDPIE_0_TestMapJames.TestMapJames up for play (max tick rate 0) at 2017.06.05-00.04.20
[2017.06.04-22.04.20:755][728]LogWorld: Bringing up level for play took: 0.001181
[2017.06.04-22.04.20:756][728]PIE: Info Play in editor start time for /Game/Maps/UEDPIE_0_TestMapJames -0.837
[2017.06.04-22.04.24:026][106]LogTemp: Repeting last play command: Selected Viewport
[2017.06.04-22.04.24:038][106]LogPlayLevel: PlayLevel: No blueprints needed recompiling
[2017.06.04-22.04.24:038][106]PIE: New page: PIE session: TestMapJames (Jun 5, 2017, 2:04:24 AM)
[2017.06.04-22.04.24:038][106]LogPlayLevel: Creating play world package: /Game/Maps/UEDPIE_0_TestMapJames
[2017.06.04-22.04.24:040][106]LogPlayLevel: PIE: StaticDuplicateObject took: (0.001601s)
[2017.06.04-22.04.24:040][106]LogAIModule: Creating AISystem for world TestMapJames
[2017.06.04-22.04.24:041][106]LogPlayLevel: PIE: World Init took: (0.000964s)
[2017.06.04-22.04.24:041][106]LogPlayLevel: PIE: Created PIE world by copying editor world from /Game/Maps/TestMapJames.TestMapJames to /Game/Maps/UEDPIE_0_TestMapJames.TestMapJames (0.002771s)
[2017.06.04-22.04.24:061][106]LogInit: XAudio2 using 'VX228-4 (NVIDIA High Definition Audio)' : 2 channels at 48 kHz using 16 bits per sample (channel mask 0x3)
[2017.06.04-22.04.24:067][106]LogInit: FAudioDevice initialized.
[2017.06.04-22.04.24:097][106]LogLoad: Game class is 'GameModeBase'
[2017.06.04-22.04.24:099][106]LogWorld: Bringing World /Game/Maps/UEDPIE_0_TestMapJames.TestMapJames up for play (max tick rate 0) at 2017.06.05-00.04.24
[2017.06.04-22.04.24:100][106]LogWorld: Bringing up level for play took: 0.001061
[2017.06.04-22.04.24:101][106]PIE: Info Play in editor start time for /Game/Maps/UEDPIE_0_TestMapJames 0.508
[2017.06.04-22.06.50:984][119]BlueprintLog: New page: Compile JamesTextRender
[2017.06.04-22.06.53:059][312]LogTemp: Repeting last play command: Selected Viewport
[2017.06.04-22.06.53:071][312]LogPlayLevel: PlayLevel: No blueprints needed recompiling
[2017.06.04-22.06.53:071][312]PIE: New page: PIE session: TestMapJames (Jun 5, 2017, 2:06:53 AM)
[2017.06.04-22.06.53:071][312]LogPlayLevel: Creating play world package: /Game/Maps/UEDPIE_0_TestMapJames
[2017.06.04-22.06.53:073][312]LogPlayLevel: PIE: StaticDuplicateObject took: (0.002248s)
[2017.06.04-22.06.53:074][312]LogAIModule: Creating AISystem for world TestMapJames
[2017.06.04-22.06.53:074][312]LogPlayLevel: PIE: World Init took: (0.000952s)
[2017.06.04-22.06.53:075][312]LogPlayLevel: PIE: Created PIE world by copying editor world from /Game/Maps/TestMapJames.TestMapJames to /Game/Maps/UEDPIE_0_TestMapJames.TestMapJames (0.003505s)
[2017.06.04-22.06.53:093][312]LogInit: XAudio2 using 'VX228-4 (NVIDIA High Definition Audio)' : 2 channels at 48 kHz using 16 bits per sample (channel mask 0x3)
[2017.06.04-22.06.53:100][312]LogInit: FAudioDevice initialized.
[2017.06.04-22.06.53:135][312]LogLoad: Game class is 'GameModeBase'
[2017.06.04-22.06.53:137][312]LogWorld: Bringing World /Game/Maps/UEDPIE_0_TestMapJames.TestMapJames up for play (max tick rate 0) at 2017.06.05-00.06.53
[2017.06.04-22.06.53:137][312]LogWorld: Bringing up level for play took: 0.001082
[2017.06.04-22.06.53:138][312]PIE: Info Play in editor start time for /Game/Maps/UEDPIE_0_TestMapJames -0.454
[2017.06.04-22.07.11:513][191]LogTemp: Repeting last play command: Selected Viewport
[2017.06.04-22.07.11:524][191]LogPlayLevel: PlayLevel: No blueprints needed recompiling
[2017.06.04-22.07.11:525][191]PIE: New page: PIE session: TestMapJames (Jun 5, 2017, 2:07:11 AM)
[2017.06.04-22.07.11:525][191]LogPlayLevel: Creating play world package: /Game/Maps/UEDPIE_0_TestMapJames
[2017.06.04-22.07.11:526][191]LogPlayLevel: PIE: StaticDuplicateObject took: (0.001542s)
[2017.06.04-22.07.11:527][191]LogAIModule: Creating AISystem for world TestMapJames
[2017.06.04-22.07.11:527][191]LogPlayLevel: PIE: World Init took: (0.000786s)
[2017.06.04-22.07.11:527][191]LogPlayLevel: PIE: Created PIE world by copying editor world from /Game/Maps/TestMapJames.TestMapJames to /Game/Maps/UEDPIE_0_TestMapJames.TestMapJames (0.002545s)
[2017.06.04-22.07.11:545][191]LogInit: XAudio2 using 'VX228-4 (NVIDIA High Definition Audio)' : 2 channels at 48 kHz using 16 bits per sample (channel mask 0x3)
[2017.06.04-22.07.11:551][191]LogInit: FAudioDevice initialized.
[2017.06.04-22.07.11:589][191]LogLoad: Game class is 'GameModeBase'
[2017.06.04-22.07.11:590][191]LogWorld: Bringing World /Game/Maps/UEDPIE_0_TestMapJames.TestMapJames up for play (max tick rate 0) at 2017.06.05-00.07.11
[2017.06.04-22.07.11:591][191]LogWorld: Bringing up level for play took: 0.000865
[2017.06.04-22.07.11:592][191]PIE: Info Play in editor start time for /Game/Maps/UEDPIE_0_TestMapJames -0.001
[2017.06.04-22.07.51:592][186]LogEditorViewport: Clicking on Actor (LMB): BP_Sky_Sphere_C (Sky Sphere)
[2017.06.04-22.07.52:695][312]LogEditorViewport: Clicking on Actor (LMB): BP_Sky_Sphere_C (Sky Sphere)
[2017.06.04-22.07.53:734][435]LogTemp: Repeting last play command: Selected Viewport
[2017.06.04-22.07.53:746][435]LogPlayLevel: PlayLevel: No blueprints needed recompiling
[2017.06.04-22.07.53:746][435]PIE: New page: PIE session: TestMapJames (Jun 5, 2017, 2:07:53 AM)
[2017.06.04-22.07.53:746][435]LogPlayLevel: Creating play world package: /Game/Maps/UEDPIE_0_TestMapJames
[2017.06.04-22.07.53:747][435]LogPlayLevel: PIE: StaticDuplicateObject took: (0.001544s)
[2017.06.04-22.07.53:748][435]LogAIModule: Creating AISystem for world TestMapJames
[2017.06.04-22.07.53:748][435]LogPlayLevel: PIE: World Init took: (0.000944s)
[2017.06.04-22.07.53:748][435]LogPlayLevel: PIE: Created PIE world by copying editor world from /Game/Maps/TestMapJames.TestMapJames to /Game/Maps/UEDPIE_0_TestMapJames.TestMapJames (0.002693s)
[2017.06.04-22.07.53:767][435]LogInit: XAudio2 using 'VX228-4 (NVIDIA High Definition Audio)' : 2 channels at 48 kHz using 16 bits per sample (channel mask 0x3)
[2017.06.04-22.07.53:773][435]LogInit: FAudioDevice initialized.
[2017.06.04-22.07.53:807][435]LogLoad: Game class is 'GameModeBase'
[2017.06.04-22.07.53:809][435]LogWorld: Bringing World /Game/Maps/UEDPIE_0_TestMapJames.TestMapJames up for play (max tick rate 0) at 2017.06.05-00.07.53
[2017.06.04-22.07.53:809][435]LogWorld: Bringing up level for play took: 0.001030
[2017.06.04-22.07.53:810][435]PIE: Info Play in editor start time for /Game/Maps/UEDPIE_0_TestMapJames 0.218
[2017.06.04-22.11.33:954][601]BlueprintLog: New page: Compile JamesTextRender
[2017.06.04-22.11.36:754][870]LogTemp: Repeting last play command: Selected Viewport
[2017.06.04-22.11.36:767][870]LogPlayLevel: PlayLevel: No blueprints needed recompiling
[2017.06.04-22.11.36:767][870]PIE: New page: PIE session: TestMapJames (Jun 5, 2017, 2:11:36 AM)
[2017.06.04-22.11.36:767][870]LogPlayLevel: Creating play world package: /Game/Maps/UEDPIE_0_TestMapJames
[2017.06.04-22.11.36:769][870]LogPlayLevel: PIE: StaticDuplicateObject took: (0.002123s)
[2017.06.04-22.11.36:770][870]LogAIModule: Creating AISystem for world TestMapJames
[2017.06.04-22.11.36:770][870]LogPlayLevel: PIE: World Init took: (0.001196s)
[2017.06.04-22.11.36:770][870]LogPlayLevel: PIE: Created PIE world by copying editor world from /Game/Maps/TestMapJames.TestMapJames to /Game/Maps/UEDPIE_0_TestMapJames.TestMapJames (0.003526s)
[2017.06.04-22.11.36:788][870]LogInit: XAudio2 using 'VX228-4 (NVIDIA High Definition Audio)' : 2 channels at 48 kHz using 16 bits per sample (channel mask 0x3)
[2017.06.04-22.11.36:795][870]LogInit: FAudioDevice initialized.
[2017.06.04-22.11.36:827][870]LogLoad: Game class is 'GameModeBase'
[2017.06.04-22.11.36:829][870]LogWorld: Bringing World /Game/Maps/UEDPIE_0_TestMapJames.TestMapJames up for play (max tick rate 0) at 2017.06.05-00.11.36
[2017.06.04-22.11.36:829][870]LogWorld: Bringing up level for play took: 0.001176
[2017.06.04-22.11.36:830][870]PIE: Info Play in editor start time for /Game/Maps/UEDPIE_0_TestMapJames -0.762
[2017.06.04-22.13.52:163][ 84]BlueprintLog: New page: Compile JamesTextRender
[2017.06.04-22.13.56:267][503]LogTemp: Repeting last play command: Selected Viewport
[2017.06.04-22.13.56:279][503]LogPlayLevel: PlayLevel: No blueprints needed recompiling
[2017.06.04-22.13.56:279][503]PIE: New page: PIE session: TestMapJames (Jun 5, 2017, 2:13:56 AM)
[2017.06.04-22.13.56:279][503]LogPlayLevel: Creating play world package: /Game/Maps/UEDPIE_0_TestMapJames
[2017.06.04-22.13.56:280][503]LogPlayLevel: PIE: StaticDuplicateObject took: (0.001606s)
[2017.06.04-22.13.56:281][503]LogAIModule: Creating AISystem for world TestMapJames
[2017.06.04-22.13.56:282][503]LogPlayLevel: PIE: World Init took: (0.001139s)
[2017.06.04-22.13.56:282][503]LogPlayLevel: PIE: Created PIE world by copying editor world from /Game/Maps/TestMapJames.TestMapJames to /Game/Maps/UEDPIE_0_TestMapJames.TestMapJames (0.002913s)
[2017.06.04-22.13.56:300][503]LogInit: XAudio2 using 'VX228-4 (NVIDIA High Definition Audio)' : 2 channels at 48 kHz using 16 bits per sample (channel mask 0x3)
[2017.06.04-22.13.56:306][503]LogInit: FAudioDevice initialized.
[2017.06.04-22.13.56:335][503]LogLoad: Game class is 'GameModeBase'
[2017.06.04-22.13.56:336][503]LogWorld: Bringing World /Game/Maps/UEDPIE_0_TestMapJames.TestMapJames up for play (max tick rate 0) at 2017.06.05-00.13.56
[2017.06.04-22.13.56:336][503]LogWorld: Bringing up level for play took: 0.000906
[2017.06.04-22.13.56:337][503]PIE: Info Play in editor start time for /Game/Maps/UEDPIE_0_TestMapJames 0.745
[2017.06.04-22.17.56:730][ 90]Cmd: OBJ SAVEPACKAGE PACKAGE="/Game/Maps/TestMapJames" FILE="D:/FallOfStarlight/Content/Maps/TestMapJames.umap" SILENT=true AUTOSAVING=false KEEPDIRTY=false
[2017.06.04-22.17.56:778][ 90]LogSavePackage: Save=29.39ms
[2017.06.04-22.17.56:778][ 90]LogSavePackage: Moving 'D:/FallOfStarlight/Saved/TestMapJames649D4F9C4FFF7ADF5CA0DBB4E2CF5041.tmp' to 'D:/FallOfStarlight/Content/Maps/TestMapJames.umap'
[2017.06.04-22.17.57:002][ 90]LogSavePackage:Display: Finished SavePackage D:/FallOfStarlight/Content/Maps/TestMapJames.umap
[2017.06.04-22.17.57:062][ 90]LogFileHelpers: Saving map 'TestMapJames' took 0.378
[2017.06.04-22.17.57:064][ 90]Cmd: OBJ SAVEPACKAGE PACKAGE="/Game/TrollBP/JamesTextRender" FILE="D:/FallOfStarlight/Content/TrollBP/JamesTextRender.uasset" SILENT=true
[2017.06.04-22.17.57:097][ 90]LogSavePackage: Save=24.00ms
[2017.06.04-22.17.57:097][ 90]LogSavePackage: Moving 'D:/FallOfStarlight/Saved/JamesTextRender2F217B57410941B7521170A93178F6C6.tmp' to 'D:/FallOfStarlight/Content/TrollBP/JamesTextRender.uasset'
[2017.06.04-22.17.57:098][ 90]LogSavePackage:Display: Finished SavePackage D:/FallOfStarlight/Content/TrollBP/JamesTextRender.uasset
[2017.06.04-22.17.57:244][ 90]LogWindowsTextInputMethodSystem:Display: IME system now deactivated.
[2017.06.04-22.17.57:499][ 91]Cmd: QUIT_EDITOR
[2017.06.04-22.17.57:842][ 91]LogExit: Preparing to exit.
[2017.06.04-22.17.58:652][ 91]LogExit: Editor shut down
[2017.06.04-22.17.58:654][ 91]LogExit: Transaction tracking system shut down
[2017.06.04-22.17.58:789][ 91]LogObj: Freed 0b from 0 cluster array pools.
[2017.06.04-22.17.58:789][ 91]LogExit: Object subsystem successfully closed.
[2017.06.04-22.17.58:813][ 91]LogD3D11RHI: Shutdown
[2017.06.04-22.17.58:813][ 91]LogD3D11RHI: CleanupD3DDevice
[2017.06.04-22.17.58:873][ 91]LogD3D11RHI: ~FD3D11DynamicRHI
[2017.06.04-22.17.58:889][ 91]LogModuleManager: Shutting down and abandoning module MovieSceneCapture (506)
[2017.06.04-22.17.58:889][ 91]LogModuleManager: Shutting down and abandoning module BlueprintGraph (504)
[2017.06.04-22.17.58:889][ 91]LogModuleManager: Shutting down and abandoning module BlueprintProfiler (502)
[2017.06.04-22.17.58:890][ 91]LogModuleManager: Shutting down and abandoning module NewLevelDialog (500)
[2017.06.04-22.17.58:890][ 91]LogModuleManager: Shutting down and abandoning module HierarchicalLODOutliner (498)
[2017.06.04-22.17.58:890][ 91]LogModuleManager: Shutting down and abandoning module CrashTracker (496)
[2017.06.04-22.17.58:890][ 91]LogModuleManager: Shutting down and abandoning module SceneOutliner (494)
[2017.06.04-22.17.58:890][ 91]LogModuleManager: Shutting down and abandoning module AddContentDialog (492)
[2017.06.04-22.17.58:890][ 91]LogDirectoryWatcher: A directory notification for 'C:/Program Files/Epic Games/UE_4.15/FeaturePacks/' was aborted.
[2017.06.04-22.17.58:895][ 91]LogModuleManager: Shutting down and abandoning module WidgetCarousel (491)
[2017.06.04-22.17.58:895][ 91]LogModuleManager: Shutting down and abandoning module EditorWidgets (488)
[2017.06.04-22.17.58:895][ 91]LogModuleManager: Shutting down and abandoning module CollectionManager (486)
[2017.06.04-22.17.58:895][ 91]LogDirectoryWatcher: A directory notification for 'D:/FallOfStarlight/Content/Collections/' was aborted.
[2017.06.04-22.17.58:895][ 91]LogDirectoryWatcher: A directory notification for 'D:/FallOfStarlight/Content/Developers/JamesKeo/Collections/' was aborted.
[2017.06.04-22.17.58:895][ 91]LogDirectoryWatcher: A directory notification for 'D:/FallOfStarlight/Saved/Collections/' was aborted.
[2017.06.04-22.17.58:895][ 91]LogModuleManager: Shutting down and abandoning module StatsViewer (484)
[2017.06.04-22.17.58:895][ 91]LogModuleManager: Shutting down and abandoning module FoliageEdit (482)
[2017.06.04-22.17.58:895][ 91]LogModuleManager: Shutting down and abandoning module LandscapeEditor (480)
[2017.06.04-22.17.58:896][ 91]LogModuleManager: Shutting down and abandoning module SceneDepthPickerMode (478)
[2017.06.04-22.17.58:896][ 91]LogModuleManager: Shutting down and abandoning module ActorPickerMode (476)
[2017.06.04-22.17.58:896][ 91]LogModuleManager: Shutting down and abandoning module GeometryMode (474)
[2017.06.04-22.17.58:896][ 91]LogModuleManager: Shutting down and abandoning module TextureAlignMode (472)
[2017.06.04-22.17.58:896][ 91]LogModuleManager: Shutting down and abandoning module BspMode (470)
[2017.06.04-22.17.58:896][ 91]LogModuleManager: Shutting down and abandoning module HardwareSurvey (468)
[2017.06.04-22.17.58:896][ 91]LogModuleManager: Shutting down and abandoning module SequenceRecorderSections (466)
[2017.06.04-22.17.58:896][ 91]LogModuleManager: Shutting down and abandoning module AutomationWorker (464)
[2017.06.04-22.17.58:896][ 91]LogModuleManager: Shutting down and abandoning module MatineeToLevelSequence (462)
[2017.06.04-22.17.58:896][ 91]LogModuleManager: Shutting down and abandoning module LevelSequenceEditor (460)
[2017.06.04-22.17.58:896][ 91]LogModuleManager: Shutting down and abandoning module PlacementMode (459)
[2017.06.04-22.17.58:896][ 91]LogModuleManager: Shutting down and abandoning module WmfMediaFactory (456)
[2017.06.04-22.17.58:896][ 91]LogModuleManager: Shutting down and abandoning module WmfMediaEditor (454)
[2017.06.04-22.17.58:896][ 91]LogModuleManager: Shutting down and abandoning module MfMediaFactory (452)
[2017.06.04-22.17.58:896][ 91]LogModuleManager: Shutting down and abandoning module MfMediaEditor (450)
[2017.06.04-22.17.58:896][ 91]LogModuleManager: Shutting down and abandoning module AvfMediaFactory (448)
[2017.06.04-22.17.58:896][ 91]LogModuleManager: Shutting down and abandoning module AvfMediaEditor (446)
[2017.06.04-22.17.58:896][ 91]LogModuleManager: Shutting down and abandoning module AndroidMediaFactory (444)
[2017.06.04-22.17.58:896][ 91]LogModuleManager: Shutting down and abandoning module Media (443)
[2017.06.04-22.17.58:896][ 91]LogModuleManager: Shutting down and abandoning module AndroidMediaEditor (440)
[2017.06.04-22.17.58:896][ 91]LogModuleManager: Shutting down and abandoning module CharacterAI (438)
[2017.06.04-22.17.58:896][ 91]LogModuleManager: Shutting down and abandoning module AudioCapture (436)
[2017.06.04-22.17.58:896][ 91]LogModuleManager: Shutting down and abandoning module SequenceRecorder (435)
[2017.06.04-22.17.58:896][ 91]LogModuleManager: Shutting down and abandoning module SmartSnapping (432)
[2017.06.04-22.17.58:896][ 91]LogModuleManager: Shutting down and abandoning module SessionServices (430)
[2017.06.04-22.17.58:896][ 91]LogModuleManager: Shutting down and abandoning module ViewportSnapping (428)
[2017.06.04-22.17.58:896][ 91]LogModuleManager: Shutting down and abandoning module ViewportInteraction (426)
[2017.06.04-22.17.58:896][ 91]LogModuleManager: Shutting down and abandoning module LogVisualizer (424)
[2017.06.04-22.17.58:896][ 91]LogModuleManager: Shutting down and abandoning module IntroTutorials (422)
[2017.06.04-22.17.58:896][ 91]LogModuleManager: Shutting down and abandoning module GameProjectGeneration (421)
[2017.06.04-22.17.58:896][ 91]LogModuleManager: Shutting down and abandoning module EditorLiveStreaming (418)
[2017.06.04-22.17.58:896][ 91]LogModuleManager: Shutting down and abandoning module IOSPlatformEditor (416)
[2017.06.04-22.17.58:897][ 91]LogModuleManager: Shutting down and abandoning module HTML5PlatformEditor (414)
[2017.06.04-22.17.58:897][ 91]LogModuleManager: Shutting down and abandoning module AndroidPlatformEditor (412)
[2017.06.04-22.17.58:897][ 91]LogModuleManager: Shutting down and abandoning module AndroidDeviceDetection (411)
[2017.06.04-22.17.59:425][ 91]LogModuleManager: Shutting down and abandoning module IOSRuntimeSettings (408)
[2017.06.04-22.17.59:425][ 91]LogModuleManager: Shutting down and abandoning module AndroidRuntimeSettings (406)
[2017.06.04-22.17.59:425][ 91]LogModuleManager: Shutting down and abandoning module InputBindingEditor (404)
[2017.06.04-22.17.59:425][ 91]LogModuleManager: Shutting down and abandoning module NiagaraEditor (402)
[2017.06.04-22.17.59:425][ 91]LogModuleManager: Shutting down and abandoning module MergeActors (400)
[2017.06.04-22.17.59:425][ 91]LogModuleManager: Shutting down and abandoning module SizeMap (398)
[2017.06.04-22.17.59:425][ 91]LogModuleManager: Shutting down and abandoning module TreeMap (396)
[2017.06.04-22.17.59:425][ 91]LogModuleManager: Shutting down and abandoning module ReferenceViewer (394)
[2017.06.04-22.17.59:425][ 91]LogModuleManager: Shutting down and abandoning module LocalizationDashboard (392)
[2017.06.04-22.17.59:425][ 91]LogModuleManager: Shutting down and abandoning module LocalizationService (391)
[2017.06.04-22.17.59:425][ 91]LogModuleManager: Shutting down and abandoning module HardwareTargeting (388)
[2017.06.04-22.17.59:425][ 91]LogModuleManager: Shutting down and abandoning module DeviceProfileEditor (386)
[2017.06.04-22.17.59:425][ 91]LogModuleManager: Shutting down and abandoning module UndoHistory (384)
[2017.06.04-22.17.59:425][ 91]LogModuleManager: Shutting down and abandoning module UserFeedback (382)
[2017.06.04-22.17.59:425][ 91]LogModuleManager: Shutting down and abandoning module XmlParser (380)
[2017.06.04-22.17.59:425][ 91]LogModuleManager: Shutting down and abandoning module Blutility (378)
[2017.06.04-22.17.59:425][ 91]LogModuleManager: Shutting down and abandoning module ProjectSettingsViewer (376)
[2017.06.04-22.17.59:426][ 91]LogModuleManager: Shutting down and abandoning module ProjectTargetPlatformEditor (375)
[2017.06.04-22.17.59:427][ 91]LogModuleManager: Shutting down and abandoning module EditorSettingsViewer (372)
[2017.06.04-22.17.59:427][ 91]LogModuleManager: Shutting down and abandoning module SettingsEditor (370)
[2017.06.04-22.17.59:427][ 91]LogModuleManager: Shutting down and abandoning module ProjectLauncher (368)
[2017.06.04-22.17.59:427][ 91]LogModuleManager: Shutting down and abandoning module SessionFrontend (366)
[2017.06.04-22.17.59:427][ 91]LogModuleManager: Shutting down and abandoning module ProfilerClient (364)
[2017.06.04-22.17.59:427][ 91]LogModuleManager: Shutting down and abandoning module DeviceManager (362)
[2017.06.04-22.17.59:427][ 91]LogModuleManager: Shutting down and abandoning module TargetDeviceServices (361)
[2017.06.04-22.17.59:470][ 91]LogModuleManager: Shutting down and abandoning module AutomationController (358)
[2017.06.04-22.17.59:470][ 91]LogModuleManager: Shutting down and abandoning module AutomationWindow (356)
[2017.06.04-22.17.59:470][ 91]LogModuleManager: Shutting down and abandoning module Layers (354)
[2017.06.04-22.17.59:470][ 91]LogModuleManager: Shutting down and abandoning module ComponentVisualizers (352)
[2017.06.04-22.17.59:470][ 91]LogModuleManager: Shutting down and abandoning module DetailCustomizations (350)
[2017.06.04-22.17.59:470][ 91]LogModuleManager: Shutting down and abandoning module PackagesDialog (348)
[2017.06.04-22.17.59:470][ 91]LogModuleManager: Shutting down and abandoning module Persona (346)
[2017.06.04-22.17.59:471][ 91]LogModuleManager: Shutting down and abandoning module AnimGraph (345)
[2017.06.04-22.17.59:471][ 91]LogModuleManager: Shutting down and abandoning module Kismet (342)
[2017.06.04-22.17.59:491][ 91]LogModuleManager: Shutting down and abandoning module GraphEditor (340)
[2017.06.04-22.17.59:491][ 91]LogModuleManager: Shutting down and abandoning module ClassViewer (338)
[2017.06.04-22.17.59:491][ 91]LogModuleManager: Shutting down and abandoning module Toolbox (336)
[2017.06.04-22.17.59:492][ 91]LogModuleManager: Shutting down and abandoning module ModuleUI (334)
[2017.06.04-22.17.59:492][ 91]LogModuleManager: Shutting down and abandoning module MovieSceneTools (332)
[2017.06.04-22.17.59:492][ 91]LogModuleManager: Shutting down and abandoning module OutputLog (330)
[2017.06.04-22.17.59:492][ 91]LogModuleManager: Shutting down and abandoning module GammaUI (328)
[2017.06.04-22.17.59:492][ 91]LogModuleManager: Shutting down and abandoning module Documentation (326)
[2017.06.04-22.17.59:492][ 91]LogModuleManager: Shutting down and abandoning module Niagara (324)
[2017.06.04-22.17.59:492][ 91]LogModuleManager: Shutting down and abandoning module StreamingPauseRendering (322)
[2017.06.04-22.17.59:492][ 91]LogModuleManager: Shutting down and abandoning module AnalyticsET (320)
[2017.06.04-22.17.59:492][ 91]LogModuleManager: Shutting down and abandoning module PortalServices (318)
[2017.06.04-22.17.59:492][ 91]LogModuleManager: Shutting down and abandoning module PortalRpc (316)
[2017.06.04-22.17.59:492][ 91]LogModuleManager: Shutting down and abandoning module MessagingRpc (314)
[2017.06.04-22.17.59:492][ 91]LogModuleManager: Shutting down and abandoning module AIModule (312)
[2017.06.04-22.17.59:492][ 91]LogModuleManager: Shutting down and abandoning module GameplayDebugger (311)
[2017.06.04-22.17.59:492][ 91]LogModuleManager: Shutting down and abandoning module AITestSuite (309)
[2017.06.04-22.17.59:492][ 91]LogModuleManager: Shutting down and abandoning module ProfilerService (306)
[2017.06.04-22.17.59:581][ 91]LogModuleManager: Shutting down and abandoning module TaskGraph (304)
[2017.06.04-22.17.59:581][ 91]LogModuleManager: Shutting down and abandoning module SteamVRController (302)
[2017.06.04-22.17.59:581][ 91]LogModuleManager: Shutting down and abandoning module SteamVR (300)
[2017.06.04-22.17.59:581][ 91]LogModuleManager: Shutting down and abandoning module ProceduralMeshComponentEditor (298)
[2017.06.04-22.17.59:581][ 91]LogModuleManager: Shutting down and abandoning module ProceduralMeshComponent (296)
[2017.06.04-22.17.59:581][ 91]LogModuleManager: Shutting down and abandoning module OculusLibrary (294)
[2017.06.04-22.17.59:581][ 91]LogModuleManager: Shutting down and abandoning module OculusInput (292)
[2017.06.04-22.17.59:581][ 91]LogModuleManager: Shutting down and abandoning module MobilePatchingUtils (290)
[2017.06.04-22.17.59:581][ 91]LogModuleManager: Shutting down and abandoning module CustomMeshComponent (288)
[2017.06.04-22.17.59:581][ 91]LogModuleManager: Shutting down and abandoning module CableComponent (286)
[2017.06.04-22.17.59:581][ 91]LogModuleManager: Shutting down and abandoning module ArchVisCharacter (284)
[2017.06.04-22.17.59:581][ 91]LogModuleManager: Shutting down and abandoning module MediaPlayerEditor (280)
[2017.06.04-22.17.59:581][ 91]LogModuleManager: Shutting down and abandoning module HTML5Networking (278)
[2017.06.04-22.17.59:581][ 91]LogModuleManager: Shutting down and abandoning module AlembicImporter (276)
[2017.06.04-22.17.59:582][ 91]LogModuleManager: Shutting down and abandoning module AlembicLibrary (275)
[2017.06.04-22.17.59:582][ 91]LogModuleManager: Shutting down and abandoning module GeometryCache (274)
[2017.06.04-22.17.59:582][ 91]LogModuleManager: Shutting down and abandoning module GeometryCacheEd (273)
[2017.06.04-22.17.59:582][ 91]LogModuleManager: Shutting down and abandoning module SuperSearchEditor (268)
[2017.06.04-22.17.59:582][ 91]LogModuleManager: Shutting down and abandoning module SuperSearch (267)
[2017.06.04-22.17.59:582][ 91]LogModuleManager: Shutting down and abandoning module SpeedTreeImporter (264)
[2017.06.04-22.17.59:582][ 91]LogModuleManager: Shutting down and abandoning module PluginBrowser (262)
[2017.06.04-22.17.59:582][ 91]LogModuleManager: Shutting down and abandoning module MobileLauncherProfileWizard (260)
[2017.06.04-22.17.59:582][ 91]LogModuleManager: Shutting down and abandoning module EpicSurvey (258)
[2017.06.04-22.17.59:582][ 91]LogModuleManager: Shutting down and abandoning module VisualStudioSourceCodeAccess (256)
[2017.06.04-22.17.59:582][ 91]LogModuleManager: Shutting down and abandoning module DesktopPlatform (255)
[2017.06.04-22.17.59:582][ 91]LogModuleManager: Shutting down and abandoning module UObjectPlugin (252)
[2017.06.04-22.17.59:582][ 91]LogModuleManager: Shutting down and abandoning module SubversionSourceControl (250)
[2017.06.04-22.17.59:582][ 91]LogModuleManager: Shutting down and abandoning module PerforceSourceControl (248)
[2017.06.04-22.17.59:582][ 91]LogModuleManager: Shutting down and abandoning module GitSourceControl (246)
[2017.06.04-22.17.59:582][ 91]LogModuleManager: Shutting down and abandoning module SourceControl (245)
[2017.06.04-22.17.59:582][ 91]LogModuleManager: Shutting down and abandoning module LightPropagationVolumeEditor (242)
[2017.06.04-22.17.59:582][ 91]LogModuleManager: Shutting down and abandoning module PaperTiledImporter (240)
[2017.06.04-22.17.59:582][ 91]LogModuleManager: Shutting down and abandoning module PaperSpriteSheetImporter (238)
[2017.06.04-22.17.59:582][ 91]LogModuleManager: Shutting down and abandoning module Paper2DEditor (236)
[2017.06.04-22.17.59:582][ 91]LogModuleManager: Shutting down and abandoning module MeshPaint (235)
[2017.06.04-22.17.59:582][ 91]LogModuleManager: Shutting down and abandoning module LevelEditor (233)
[2017.06.04-22.17.59:584][ 91]LogModuleManager: Shutting down and abandoning module PixelInspectorModule (232)
[2017.06.04-22.17.59:584][ 91]LogModuleManager: Shutting down and abandoning module MainFrame (230)
[2017.06.04-22.17.59:584][ 91]LogModuleManager: Shutting down and abandoning module HotReload (229)
[2017.06.04-22.17.59:585][ 91]LogModuleManager: Shutting down and abandoning module ContentBrowser (225)
[2017.06.04-22.17.59:586][ 91]LogModuleManager: Shutting down and abandoning module PhysXVehiclesEditor (222)
[2017.06.04-22.17.59:586][ 91]LogModuleManager: Shutting down and abandoning module PhysXVehicles (220)
[2017.06.04-22.17.59:586][ 91]LogModuleManager: Shutting down and abandoning module LocationServicesBPLibrary (218)
[2017.06.04-22.17.59:586][ 91]LogModuleManager: Shutting down and abandoning module UdpMessaging (216)
[2017.06.04-22.17.59:687][ 91]LogModuleManager: Shutting down and abandoning module TcpMessaging (214)
[2017.06.04-22.17.59:788][ 91]LogModuleManager: Shutting down and abandoning module GameplayTagsEditor (212)
[2017.06.04-22.17.59:788][ 91]LogModuleManager: Shutting down and abandoning module FacialAnimationEditor (210)
[2017.06.04-22.17.59:788][ 91]LogModuleManager: Shutting down and abandoning module FacialAnimation (208)
[2017.06.04-22.17.59:788][ 91]LogModuleManager: Shutting down and abandoning module LightPropagationVolumeRuntime (206)
[2017.06.04-22.17.59:788][ 91]LogModuleManager: Shutting down and abandoning module Paper2D (204)
[2017.06.04-22.17.59:788][ 91]LogModuleManager: Shutting down and abandoning module WindowsMoviePlayer (202)
[2017.06.04-22.17.59:788][ 91]LogModuleManager: Shutting down and abandoning module WmfMedia (200)
[2017.06.04-22.17.59:788][ 91]LogModuleManager: Shutting down and abandoning module MfMedia (198)
[2017.06.04-22.17.59:788][ 91]LogModuleManager: Shutting down and abandoning module MediaAssets (196)
[2017.06.04-22.17.59:788][ 91]LogModuleManager: Shutting down and abandoning module GameLiveStreaming (194)
[2017.06.04-22.17.59:788][ 91]LogModuleManager: Shutting down and abandoning module VREditor (192)
[2017.06.04-22.17.59:788][ 91]LogModuleManager: Shutting down and abandoning module GameplayTasksEditor (190)
[2017.06.04-22.17.59:788][ 91]LogModuleManager: Shutting down and abandoning module BehaviorTreeEditor (188)
[2017.06.04-22.17.59:788][ 91]LogModuleManager: Shutting down and abandoning module FunctionalTesting (186)
[2017.06.04-22.17.59:788][ 91]LogModuleManager: Shutting down and abandoning module CollisionAnalyzer (184)
[2017.06.04-22.17.59:788][ 91]LogModuleManager: Shutting down and abandoning module UMG (182)
[2017.06.04-22.17.59:789][ 91]LogModuleManager: Shutting down and abandoning module UMGEditor (181)
[2017.06.04-22.17.59:789][ 91]LogModuleManager: Shutting down and abandoning module Sequencer (180)
[2017.06.04-22.17.59:789][ 91]LogModuleManager: Shutting down and abandoning module AssetTools (178)
[2017.06.04-22.17.59:789][ 91]LogModuleManager: Shutting down and abandoning module MessageLog (177)
[2017.06.04-22.17.59:789][ 91]LogModuleManager: Shutting down and abandoning module WorkspaceMenuStructure (176)
[2017.06.04-22.17.59:789][ 91]LogModuleManager: Shutting down and abandoning module SlateReflector (170)
[2017.06.04-22.17.59:789][ 91]LogModuleManager: Shutting down and abandoning module Slate (168)
[2017.06.04-22.17.59:789][ 91]LogModuleManager: Shutting down and abandoning module EditorStyle (166)
[2017.06.04-22.17.59:794][ 91]LogModuleManager: Shutting down and abandoning module SourceCodeAccess (164)
[2017.06.04-22.17.59:794][ 91]LogModuleManager: Shutting down and abandoning module HeadMountedDisplay (162)
[2017.06.04-22.17.59:794][ 91]LogModuleManager: Shutting down and abandoning module XAudio2 (160)
[2017.06.04-22.17.59:795][ 91]LogModuleManager: Shutting down and abandoning module Networking (158)
[2017.06.04-22.17.59:795][ 91]LogModuleManager: Shutting down and abandoning module Core (154)
[2017.06.04-22.17.59:795][ 91]LogModuleManager: Shutting down and abandoning module AssetRegistry (152)
[2017.06.04-22.17.59:997][ 91]LogDirectoryWatcher: A directory notification for '../../../Engine/Content/' was aborted.
[2017.06.04-22.17.59:997][ 91]LogDirectoryWatcher: A directory notification for 'D:/FallOfStarlight/Content/' was aborted.
[2017.06.04-22.17.59:997][ 91]LogDirectoryWatcher: A directory notification for '../../../Engine/Plugins/2D/Paper2D/Content/' was aborted.
[2017.06.04-22.17.59:997][ 91]LogModuleManager: Shutting down and abandoning module DirectoryWatcher (151)
[2017.06.04-22.18.00:003][ 91]LogModuleManager: Shutting down and abandoning module KismetCompiler (148)
[2017.06.04-22.18.00:003][ 91]LogModuleManager: Shutting down and abandoning module PhysXFormats (146)
[2017.06.04-22.18.00:003][ 91]LogModuleManager: Shutting down and abandoning module MeshUtilities (144)
[2017.06.04-22.18.00:003][ 91]LogModuleManager: Shutting down and abandoning module SimplygonSwarm (143)
[2017.06.04-22.18.00:003][ 91]LogModuleManager: Shutting down and abandoning module SimplygonMeshReduction (141)
[2017.06.04-22.18.00:003][ 91]LogModuleManager: Shutting down and abandoning module QuadricMeshReduction (139)
[2017.06.04-22.18.00:003][ 91]LogModuleManager: Shutting down and abandoning module PropertyEditor (137)
[2017.06.04-22.18.00:004][ 91]LogModuleManager: Shutting down and abandoning module DerivedDataCache (134)
[2017.06.04-22.18.00:057][ 91]LogDerivedDataCache: Shutdown
[2017.06.04-22.18.00:057][ 91]LogModuleManager: Shutting down and abandoning module TargetPlatform (132)
[2017.06.04-22.18.00:057][ 91]LogModuleManager: Shutting down and abandoning module VulkanShaderFormat (131)
[2017.06.04-22.18.00:057][ 91]LogModuleManager: Shutting down and abandoning module ShaderFormatOpenGL (129)
[2017.06.04-22.18.00:057][ 91]LogModuleManager: Shutting down and abandoning module ShaderFormatD3D (127)
[2017.06.04-22.18.00:057][ 91]LogModuleManager: Shutting down and abandoning module MetalShaderFormat (125)
[2017.06.04-22.18.00:057][ 91]LogModuleManager: Shutting down and abandoning module TextureFormatUncompressed (123)
[2017.06.04-22.18.00:057][ 91]LogModuleManager: Shutting down and abandoning module TextureFormatPVR (121)
[2017.06.04-22.18.00:057][ 91]LogModuleManager: Shutting down and abandoning module TextureFormatDXT (119)
[2017.06.04-22.18.00:057][ 91]LogModuleManager: Shutting down and abandoning module TextureFormatIntelISPCTexComp (117)
[2017.06.04-22.18.00:057][ 91]LogModuleManager: Shutting down and abandoning module TextureFormatASTC (115)
[2017.06.04-22.18.00:057][ 91]LogModuleManager: Shutting down and abandoning module ImageWrapper (114)
[2017.06.04-22.18.00:057][ 91]LogModuleManager: Shutting down and abandoning module TextureFormatAndroid (111)
[2017.06.04-22.18.00:057][ 91]LogModuleManager: Shutting down and abandoning module AudioFormatOpus (109)
[2017.06.04-22.18.00:057][ 91]LogModuleManager: Shutting down and abandoning module AudioFormatOgg (107)
[2017.06.04-22.18.00:057][ 91]LogModuleManager: Shutting down and abandoning module AudioFormatADPCM (105)
[2017.06.04-22.18.00:057][ 91]LogModuleManager: Shutting down and abandoning module LinuxTargetPlatform (103)
[2017.06.04-22.18.00:057][ 91]LogModuleManager: Shutting down and abandoning module LinuxServerTargetPlatform (101)
[2017.06.04-22.18.00:057][ 91]LogModuleManager: Shutting down and abandoning module LinuxNoEditorTargetPlatform (99)
[2017.06.04-22.18.00:058][ 91]LogModuleManager: Shutting down and abandoning module LinuxClientTargetPlatform (97)
[2017.06.04-22.18.00:058][ 91]LogModuleManager: Shutting down and abandoning module TVOSTargetPlatform (95)
[2017.06.04-22.18.00:058][ 91]LogModuleManager: Shutting down and abandoning module Messaging (93)
[2017.06.04-22.18.00:058][ 91]LogModuleManager: Shutting down and abandoning module IOSTargetPlatform (91)
[2017.06.04-22.18.00:058][ 91]LogModuleManager: Shutting down and abandoning module HTML5TargetPlatform (89)
[2017.06.04-22.18.00:058][ 91]LogModuleManager: Shutting down and abandoning module Android_PVRTCTargetPlatform (87)
[2017.06.04-22.18.00:058][ 91]LogModuleManager: Shutting down and abandoning module Android_MultiTargetPlatform (85)
[2017.06.04-22.18.00:058][ 91]LogModuleManager: Shutting down and abandoning module Android_ETC2TargetPlatform (83)
[2017.06.04-22.18.00:058][ 91]LogModuleManager: Shutting down and abandoning module Android_ETC1TargetPlatform (81)
[2017.06.04-22.18.00:058][ 91]LogModuleManager: Shutting down and abandoning module Android_DXTTargetPlatform (79)
[2017.06.04-22.18.00:058][ 91]LogModuleManager: Shutting down and abandoning module Android_ATCTargetPlatform (77)
[2017.06.04-22.18.00:058][ 91]LogModuleManager: Shutting down and abandoning module Android_ASTCTargetPlatform (75)
[2017.06.04-22.18.00:058][ 91]LogModuleManager: Shutting down and abandoning module AndroidTargetPlatform (73)
[2017.06.04-22.18.00:058][ 91]LogModuleManager: Shutting down and abandoning module WindowsTargetPlatform (71)
[2017.06.04-22.18.00:058][ 91]LogModuleManager: Shutting down and abandoning module WindowsServerTargetPlatform (69)
[2017.06.04-22.18.00:058][ 91]LogModuleManager: Shutting down and abandoning module WindowsNoEditorTargetPlatform (67)
[2017.06.04-22.18.00:058][ 91]LogModuleManager: Shutting down and abandoning module WindowsClientTargetPlatform (65)
[2017.06.04-22.18.00:058][ 91]LogModuleManager: Shutting down and abandoning module MacTargetPlatform (63)
[2017.06.04-22.18.00:058][ 91]LogModuleManager: Shutting down and abandoning module MacServerTargetPlatform (61)
[2017.06.04-22.18.00:058][ 91]LogModuleManager: Shutting down and abandoning module MacNoEditorTargetPlatform (59)
[2017.06.04-22.18.00:058][ 91]LogModuleManager: Shutting down and abandoning module MacClientTargetPlatform (57)
[2017.06.04-22.18.00:058][ 91]LogModuleManager: Shutting down and abandoning module AllDesktopTargetPlatform (55)
[2017.06.04-22.18.00:058][ 91]LogModuleManager: Shutting down and abandoning module InputCore (52)
[2017.06.04-22.18.00:058][ 91]LogModuleManager: Shutting down and abandoning module Settings (50)
[2017.06.04-22.18.00:058][ 91]LogModuleManager: Shutting down and abandoning module OculusRift (48)
[2017.06.04-22.18.00:058][ 91]LogModuleManager: Shutting down and abandoning module GearVR (46)
[2017.06.04-22.18.00:058][ 91]LogModuleManager: Shutting down and abandoning module ExampleDeviceProfileSelector (44)
[2017.06.04-22.18.00:058][ 91]LogModuleManager: Shutting down and abandoning module OnlineBlueprintSupport (42)
[2017.06.04-22.18.00:058][ 91]LogModuleManager: Shutting down and abandoning module OnlineSubsystem (38)
[2017.06.04-22.18.00:058][ 91]LogOnline:Display: Unloading online subsystem: NULL
[2017.06.04-22.18.00:058][ 91]LogModuleManager: Shutting down and abandoning module XMPP (37)
[2017.06.04-22.18.00:058][ 91]LogModuleManager: Shutting down and abandoning module HTTP (35)
[2017.06.04-22.18.00:058][ 91]LogHttp:Display: Http module shutting down, but needs to wait on 1 outstanding Http requests:
[2017.06.04-22.18.00:058][ 91]LogHttp:Display: 	verb=[POST] url=[https://datarouter.ol.epicgames.com/datarouter/api/v1/public/data?SessionID=%7B1BC00D15-48E2-5645-398B-D6A1EC90902F%7D&AppID=UEEditor.Rocket.Release&AppVersion=4.15.3-3450819%2B%2B%2BUE4%2BRelease-4.15&UserID=8f90e42f42c288ea9637f8b85d833ceb%7Cbda0ccab5e334634aff4846c4a7d9715%7C67c24ea9-0905-4a8d-852c-8189924026e2&AppEnvironment=datacollector-binary&UploadType=eteventstream] status=Processing
[2017.06.04-22.18.00:080][ 91]LogModuleManager: Shutting down and abandoning module SSL (34)
[2017.06.04-22.18.00:082][ 91]LogModuleManager: Shutting down and abandoning module AudioEditor (30)
[2017.06.04-22.18.00:082][ 91]LogModuleManager: Shutting down and abandoning module TextureCompressor (28)
[2017.06.04-22.18.00:083][ 91]LogModuleManager: Shutting down and abandoning module ShaderCore (26)
[2017.06.04-22.18.00:083][ 91]LogModuleManager: Shutting down and abandoning module Landscape (24)
[2017.06.04-22.18.00:083][ 91]LogModuleManager: Shutting down and abandoning module SlateRHIRenderer (22)
[2017.06.04-22.18.00:092][ 91]LogModuleManager: Shutting down and abandoning module OpenGLDrv (20)
[2017.06.04-22.18.00:092][ 91]LogModuleManager: Shutting down and abandoning module D3D11RHI (18)
[2017.06.04-22.18.00:092][ 91]LogModuleManager: Shutting down and abandoning module AnimGraphRuntime (16)
[2017.06.04-22.18.00:092][ 91]LogModuleManager: Shutting down and abandoning module Renderer (14)
[2017.06.04-22.18.00:092][ 91]LogModuleManager: Shutting down and abandoning module Engine (12)
[2017.06.04-22.18.00:092][ 91]LogModuleManager: Shutting down and abandoning module CoreUObject (10)
[2017.06.04-22.18.00:092][ 91]LogModuleManager: Shutting down and abandoning module NetworkFile (8)
[2017.06.04-22.18.00:092][ 91]LogModuleManager: Shutting down and abandoning module StreamingFile (6)
[2017.06.04-22.18.00:092][ 91]LogModuleManager: Shutting down and abandoning module SandboxFile (4)
[2017.06.04-22.18.00:092][ 91]LogModuleManager: Shutting down and abandoning module PakFile (2)
[2017.06.04-22.18.00:094][ 91]LogExit: Exiting.
[2017.06.04-22.18.00:109][ 91]Log file closed, 06/05/17 00:18:00
